#! /opt/local/bin/vvp
:ivl_version "10.3 (stable)" "(v10_3)";
:ivl_delay_selection "TYPICAL";
:vpi_time_precision - 12;
:vpi_module "system";
:vpi_module "vhdl_sys";
:vpi_module "v2005_math";
:vpi_module "va_math";
S_0x7fc409440a70 .scope module, "SingleCycleProcTest_v" "SingleCycleProcTest_v" 2 7;
 .timescale -9 -12;
v0x7fc40948d4d0_0 .var "CLK", 0 0;
v0x7fc40948d570_0 .var "Reset_L", 0 0;
v0x7fc40948d610_0 .net "dMemOut", 31 0, v0x7fc409487a80_0;  1 drivers
v0x7fc40948d700_0 .var "passed", 7 0;
v0x7fc40948d790_0 .var "startPC", 31 0;
S_0x7fc40943e3d0 .scope task, "allPassed" "allPassed" 2 18, 2 18 0, S_0x7fc409440a70;
 .timescale -9 -12;
v0x7fc40940fae0_0 .var "numTests", 7 0;
v0x7fc409486c30_0 .var "passed", 7 0;
TD_SingleCycleProcTest_v.allPassed ;
    %load/vec4 v0x7fc409486c30_0;
    %load/vec4 v0x7fc40940fae0_0;
    %cmp/e;
    %jmp/0xz  T_0.0, 4;
    %vpi_call 2 22 "$display", "All tests passed" {0 0 0};
    %jmp T_0.1;
T_0.0 ;
    %vpi_call 2 23 "$display", "Some tests failed: %d of %d passed", v0x7fc409486c30_0, v0x7fc40940fae0_0 {0 0 0};
T_0.1 ;
    %end;
S_0x7fc409486cd0 .scope task, "passTest" "passTest" 2 9, 2 9 0, S_0x7fc409440a70;
 .timescale -9 -12;
v0x7fc409486e80_0 .var "actualOut", 31 0;
v0x7fc409486f30_0 .var "expectedOut", 31 0;
v0x7fc409486fe0_0 .var "passed", 7 0;
v0x7fc4094870a0_0 .var "testType", 256 0;
TD_SingleCycleProcTest_v.passTest ;
    %load/vec4 v0x7fc409486e80_0;
    %load/vec4 v0x7fc409486f30_0;
    %cmp/e;
    %jmp/0xz  T_1.2, 4;
    %vpi_call 2 14 "$display", "%s passed", v0x7fc4094870a0_0 {0 0 0};
    %load/vec4 v0x7fc409486fe0_0;
    %addi 1, 0, 8;
    %store/vec4 v0x7fc409486fe0_0, 0, 8;
    %jmp T_1.3;
T_1.2 ;
    %vpi_call 2 15 "$display", "%s failed: 0x%x should be 0x%x", v0x7fc4094870a0_0, v0x7fc409486e80_0, v0x7fc409486f30_0 {0 0 0};
T_1.3 ;
    %end;
S_0x7fc409487150 .scope module, "uut" "SingleCycleProc" 2 36, 3 9 0, S_0x7fc409440a70;
 .timescale -9 -12;
    .port_info 0 /INPUT 1 "CLK"
    .port_info 1 /INPUT 1 "Reset_L"
    .port_info 2 /INPUT 32 "startPC"
    .port_info 3 /OUTPUT 32 "dMemOut"
L_0x7fc40948e3b0 .functor AND 1, v0x7fc4094894a0_0, L_0x7fc409490500, C4<1>, C4<1>;
L_0x7fc40948fbb0 .functor OR 1, L_0x7fc40948f770, L_0x7fc40948f8c0, C4<0>, C4<0>;
L_0x7fc40948fea0 .functor OR 1, L_0x7fc40948fbb0, L_0x7fc40948fd20, C4<0>, C4<0>;
v0x7fc40948aa10_0 .net "ALUCtrl", 3 0, v0x7fc409488d50_0;  1 drivers
v0x7fc40948aac0_0 .net "ALUOp", 3 0, v0x7fc409489360_0;  1 drivers
v0x7fc40948aba0_0 .net "ALUSrc", 0 0, v0x7fc409489410_0;  1 drivers
v0x7fc40948ac30_0 .net "ALU_port2", 31 0, L_0x7fc4094902a0;  1 drivers
v0x7fc40948ace0_0 .net "ALUresult", 31 0, v0x7fc409488630_0;  1 drivers
v0x7fc40948adb0_0 .net "Branch", 0 0, v0x7fc4094894a0_0;  1 drivers
v0x7fc40948ae60_0 .net "BranchAddr", 31 0, L_0x7fc40948e890;  1 drivers
v0x7fc40948aef0_0 .net "BusA", 31 0, L_0x7fc40948fdc0;  1 drivers
v0x7fc40948afa0_0 .net "CLK", 0 0, v0x7fc40948d4d0_0;  1 drivers
v0x7fc40948b0b0_0 .net "InsSignExtd", 31 0, L_0x7fc40948e290;  1 drivers
v0x7fc40948b150_0 .net "Instruction", 31 0, v0x7fc4094880e0_0;  1 drivers
v0x7fc40948b1f0_0 .net "Jump", 0 0, v0x7fc409489550_0;  1 drivers
v0x7fc40948b2a0_0 .net "JumpAddr", 31 0, L_0x7fc40948ecc0;  1 drivers
v0x7fc40948b330_0 .net "MemRead", 0 0, v0x7fc4094895f0_0;  1 drivers
v0x7fc40948b400_0 .net "MemToReg", 0 0, v0x7fc4094896c0_0;  1 drivers
v0x7fc40948b490_0 .net "MemWrite", 0 0, v0x7fc409489750_0;  1 drivers
v0x7fc40948b560_0 .net "PC4", 31 0, L_0x7fc40948d8b0;  1 drivers
v0x7fc40948b6f0_0 .net "ReadData1", 31 0, v0x7fc409489f10_0;  1 drivers
v0x7fc40948b7a0_0 .net "ReadData2", 31 0, v0x7fc409489fd0_0;  1 drivers
v0x7fc40948b830_0 .net "RegDst", 0 0, v0x7fc4094898a0_0;  1 drivers
v0x7fc40948b8c0_0 .net "RegWrite", 0 0, v0x7fc4094899c0_0;  1 drivers
v0x7fc40948b950_0 .net "Reset_L", 0 0, v0x7fc40948d570_0;  1 drivers
v0x7fc40948b9e0_0 .net "SignExtend", 0 0, v0x7fc409489a60_0;  1 drivers
v0x7fc40948ba70_0 .net "WriteData", 31 0, L_0x7fc409490660;  1 drivers
v0x7fc40948bb20_0 .net "WriteReg", 4 0, L_0x7fc40948f0b0;  1 drivers
v0x7fc40948bbd0_0 .net "Zero", 0 0, L_0x7fc409490500;  1 drivers
L_0x7fc409563008 .functor BUFT 1, C4<00000000000000000000000000000100>, C4<0>, C4<0>, C4<0>;
v0x7fc40948bc80_0 .net/2u *"_s0", 31 0, L_0x7fc409563008;  1 drivers
v0x7fc40948bd10_0 .net *"_s10", 31 0, L_0x7fc40948dcc0;  1 drivers
L_0x7fc409563050 .functor BUFT 1, C4<0000000000000000>, C4<0>, C4<0>, C4<0>;
v0x7fc40948bdc0_0 .net/2u *"_s12", 15 0, L_0x7fc409563050;  1 drivers
v0x7fc40948be70_0 .net *"_s15", 15 0, L_0x7fc40948e050;  1 drivers
v0x7fc40948bf20_0 .net *"_s16", 31 0, L_0x7fc40948e170;  1 drivers
v0x7fc40948bfd0_0 .net *"_s20", 0 0, L_0x7fc40948e3b0;  1 drivers
v0x7fc40948c080_0 .net *"_s22", 31 0, L_0x7fc40948e5d0;  1 drivers
v0x7fc40948b610_0 .net *"_s24", 29 0, L_0x7fc40948e4a0;  1 drivers
L_0x7fc409563098 .functor BUFT 1, C4<00>, C4<0>, C4<0>, C4<0>;
v0x7fc40948c310_0 .net *"_s26", 1 0, L_0x7fc409563098;  1 drivers
v0x7fc40948c3a0_0 .net *"_s28", 31 0, L_0x7fc40948e6f0;  1 drivers
v0x7fc40948c440_0 .net *"_s33", 3 0, L_0x7fc40948e930;  1 drivers
v0x7fc40948c4f0_0 .net *"_s35", 25 0, L_0x7fc40948eac0;  1 drivers
L_0x7fc4095630e0 .functor BUFT 1, C4<00>, C4<0>, C4<0>, C4<0>;
v0x7fc40948c5a0_0 .net/2u *"_s36", 1 0, L_0x7fc4095630e0;  1 drivers
v0x7fc40948c650_0 .net *"_s38", 27 0, L_0x7fc40948eb60;  1 drivers
v0x7fc40948c700_0 .net *"_s45", 4 0, L_0x7fc40948eed0;  1 drivers
v0x7fc40948c7b0_0 .net *"_s47", 4 0, L_0x7fc40948ef70;  1 drivers
v0x7fc40948c860_0 .net *"_s5", 0 0, L_0x7fc40948da10;  1 drivers
L_0x7fc4095631b8 .functor BUFT 1, C4<0011>, C4<0>, C4<0>, C4<0>;
v0x7fc40948c910_0 .net/2u *"_s58", 3 0, L_0x7fc4095631b8;  1 drivers
v0x7fc40948c9c0_0 .net *"_s6", 15 0, L_0x7fc40948daf0;  1 drivers
v0x7fc40948ca70_0 .net *"_s60", 0 0, L_0x7fc40948f770;  1 drivers
L_0x7fc409563200 .functor BUFT 1, C4<0100>, C4<0>, C4<0>, C4<0>;
v0x7fc40948cb10_0 .net/2u *"_s62", 3 0, L_0x7fc409563200;  1 drivers
v0x7fc40948cbc0_0 .net *"_s64", 0 0, L_0x7fc40948f8c0;  1 drivers
v0x7fc40948cc60_0 .net *"_s66", 0 0, L_0x7fc40948fbb0;  1 drivers
L_0x7fc409563248 .functor BUFT 1, C4<1101>, C4<0>, C4<0>, C4<0>;
v0x7fc40948cd00_0 .net/2u *"_s68", 3 0, L_0x7fc409563248;  1 drivers
v0x7fc40948cdb0_0 .net *"_s70", 0 0, L_0x7fc40948fd20;  1 drivers
v0x7fc40948ce50_0 .net *"_s72", 0 0, L_0x7fc40948fea0;  1 drivers
v0x7fc40948cef0_0 .net *"_s75", 4 0, L_0x7fc40948ff30;  1 drivers
v0x7fc40948cfa0_0 .net *"_s76", 31 0, L_0x7fc40948ffd0;  1 drivers
L_0x7fc409563290 .functor BUFT 1, C4<000000000000000000000000000>, C4<0>, C4<0>, C4<0>;
v0x7fc40948d050_0 .net *"_s79", 26 0, L_0x7fc409563290;  1 drivers
v0x7fc40948d100_0 .net *"_s9", 15 0, L_0x7fc40948dc20;  1 drivers
v0x7fc40948d1b0_0 .var "currentPC", 31 0;
v0x7fc40948d270_0 .net "dMemOut", 31 0, v0x7fc409487a80_0;  alias, 1 drivers
v0x7fc40948d320_0 .net "nextPC", 31 0, L_0x7fc40948eda0;  1 drivers
v0x7fc40948d3c0_0 .net "startPC", 31 0, v0x7fc40948d790_0;  1 drivers
E_0x7fc4094873a0 .event negedge, v0x7fc40948b950_0, v0x7fc4094877b0_0;
L_0x7fc40948d8b0 .arith/sum 32, v0x7fc40948d1b0_0, L_0x7fc409563008;
L_0x7fc40948da10 .part v0x7fc4094880e0_0, 15, 1;
LS_0x7fc40948daf0_0_0 .concat [ 1 1 1 1], L_0x7fc40948da10, L_0x7fc40948da10, L_0x7fc40948da10, L_0x7fc40948da10;
LS_0x7fc40948daf0_0_4 .concat [ 1 1 1 1], L_0x7fc40948da10, L_0x7fc40948da10, L_0x7fc40948da10, L_0x7fc40948da10;
LS_0x7fc40948daf0_0_8 .concat [ 1 1 1 1], L_0x7fc40948da10, L_0x7fc40948da10, L_0x7fc40948da10, L_0x7fc40948da10;
LS_0x7fc40948daf0_0_12 .concat [ 1 1 1 1], L_0x7fc40948da10, L_0x7fc40948da10, L_0x7fc40948da10, L_0x7fc40948da10;
L_0x7fc40948daf0 .concat [ 4 4 4 4], LS_0x7fc40948daf0_0_0, LS_0x7fc40948daf0_0_4, LS_0x7fc40948daf0_0_8, LS_0x7fc40948daf0_0_12;
L_0x7fc40948dc20 .part v0x7fc4094880e0_0, 0, 16;
L_0x7fc40948dcc0 .concat [ 16 16 0 0], L_0x7fc40948dc20, L_0x7fc40948daf0;
L_0x7fc40948e050 .part v0x7fc4094880e0_0, 0, 16;
L_0x7fc40948e170 .concat [ 16 16 0 0], L_0x7fc40948e050, L_0x7fc409563050;
L_0x7fc40948e290 .functor MUXZ 32, L_0x7fc40948e170, L_0x7fc40948dcc0, v0x7fc409489a60_0, C4<>;
L_0x7fc40948e4a0 .part L_0x7fc40948e290, 0, 30;
L_0x7fc40948e5d0 .concat [ 2 30 0 0], L_0x7fc409563098, L_0x7fc40948e4a0;
L_0x7fc40948e6f0 .arith/sum 32, L_0x7fc40948d8b0, L_0x7fc40948e5d0;
L_0x7fc40948e890 .functor MUXZ 32, L_0x7fc40948d8b0, L_0x7fc40948e6f0, L_0x7fc40948e3b0, C4<>;
L_0x7fc40948e930 .part L_0x7fc40948d8b0, 28, 4;
L_0x7fc40948eac0 .part v0x7fc4094880e0_0, 0, 26;
L_0x7fc40948eb60 .concat [ 2 26 0 0], L_0x7fc4095630e0, L_0x7fc40948eac0;
L_0x7fc40948ecc0 .concat [ 28 4 0 0], L_0x7fc40948eb60, L_0x7fc40948e930;
L_0x7fc40948eda0 .functor MUXZ 32, L_0x7fc40948e890, L_0x7fc40948ecc0, v0x7fc409489550_0, C4<>;
L_0x7fc40948eed0 .part v0x7fc4094880e0_0, 11, 5;
L_0x7fc40948ef70 .part v0x7fc4094880e0_0, 16, 5;
L_0x7fc40948f0b0 .functor MUXZ 5, L_0x7fc40948ef70, L_0x7fc40948eed0, v0x7fc4094898a0_0, C4<>;
L_0x7fc40948f590 .part v0x7fc4094880e0_0, 21, 5;
L_0x7fc40948f010 .part v0x7fc4094880e0_0, 16, 5;
L_0x7fc40948f820 .part v0x7fc4094880e0_0, 0, 6;
L_0x7fc40948f980 .part v0x7fc4094880e0_0, 26, 6;
L_0x7fc40948f770 .cmp/eq 4, v0x7fc409488d50_0, L_0x7fc4095631b8;
L_0x7fc40948f8c0 .cmp/eq 4, v0x7fc409488d50_0, L_0x7fc409563200;
L_0x7fc40948fd20 .cmp/eq 4, v0x7fc409488d50_0, L_0x7fc409563248;
L_0x7fc40948ff30 .part v0x7fc4094880e0_0, 6, 5;
L_0x7fc40948ffd0 .concat [ 5 27 0 0], L_0x7fc40948ff30, L_0x7fc409563290;
L_0x7fc40948fdc0 .functor MUXZ 32, v0x7fc409489f10_0, L_0x7fc40948ffd0, L_0x7fc40948fea0, C4<>;
L_0x7fc4094902a0 .functor MUXZ 32, v0x7fc409489fd0_0, L_0x7fc40948e290, v0x7fc409489410_0, C4<>;
L_0x7fc409490660 .functor MUXZ 32, v0x7fc409488630_0, v0x7fc409487a80_0, v0x7fc4094896c0_0, C4<>;
L_0x7fc409490780 .part v0x7fc409488630_0, 0, 6;
S_0x7fc4094873e0 .scope module, "DMEM" "DataMemory" 3 54, 4 23 0, S_0x7fc409487150;
 .timescale -9 -12;
    .port_info 0 /OUTPUT 32 "ReadData"
    .port_info 1 /INPUT 6 "Address"
    .port_info 2 /INPUT 32 "WriteData"
    .port_info 3 /INPUT 1 "MemoryRead"
    .port_info 4 /INPUT 1 "MemoryWrite"
    .port_info 5 /INPUT 1 "Clock"
v0x7fc4094876f0_0 .net "Address", 5 0, L_0x7fc409490780;  1 drivers
v0x7fc4094877b0_0 .net "Clock", 0 0, v0x7fc40948d4d0_0;  alias, 1 drivers
v0x7fc409487850 .array "Datamem", 63 0, 31 0;
v0x7fc409487900_0 .net "MemoryRead", 0 0, v0x7fc4094895f0_0;  alias, 1 drivers
v0x7fc4094879a0_0 .net "MemoryWrite", 0 0, v0x7fc409489750_0;  alias, 1 drivers
v0x7fc409487a80_0 .var "ReadData", 31 0;
v0x7fc409487b30_0 .net "WriteData", 31 0, v0x7fc409489fd0_0;  alias, 1 drivers
E_0x7fc409487660 .event negedge, v0x7fc4094877b0_0;
E_0x7fc4094876b0 .event posedge, v0x7fc4094877b0_0;
S_0x7fc409487c70 .scope module, "IMEM" "InstructionMemory" 3 31, 5 8 0, S_0x7fc409487150;
 .timescale -9 -12;
    .port_info 0 /OUTPUT 32 "Data"
    .port_info 1 /INPUT 32 "Address"
P_0x7fc409487e20 .param/l "MemSize" 0 5 10, +C4<00000000000000000000000000101000>;
P_0x7fc409487e60 .param/l "T_rd" 0 5 9, +C4<00000000000000000000000000010100>;
v0x7fc409488020_0 .net "Address", 31 0, v0x7fc40948d1b0_0;  1 drivers
v0x7fc4094880e0_0 .var "Data", 31 0;
E_0x7fc409487ff0 .event edge, v0x7fc409488020_0;
S_0x7fc409488180 .scope module, "alu" "ALU" 3 50, 6 18 0, S_0x7fc409487150;
 .timescale -9 -12;
    .port_info 0 /OUTPUT 32 "BusW"
    .port_info 1 /OUTPUT 1 "Zero"
    .port_info 2 /INPUT 32 "BusA"
    .port_info 3 /INPUT 32 "BusB"
    .port_info 4 /INPUT 4 "ALUCtrl"
v0x7fc409488410_0 .net "ALUCtrl", 3 0, v0x7fc409488d50_0;  alias, 1 drivers
v0x7fc4094884c0_0 .net "BusA", 31 0, L_0x7fc40948fdc0;  alias, 1 drivers
v0x7fc409488570_0 .net "BusB", 31 0, L_0x7fc4094902a0;  alias, 1 drivers
v0x7fc409488630_0 .var "BusW", 31 0;
v0x7fc4094886e0_0 .net "Zero", 0 0, L_0x7fc409490500;  alias, 1 drivers
L_0x7fc4095632d8 .functor BUFT 1, C4<00000000000000000000000000000000>, C4<0>, C4<0>, C4<0>;
v0x7fc4094887c0_0 .net/2u *"_s0", 31 0, L_0x7fc4095632d8;  1 drivers
v0x7fc409488870_0 .net *"_s2", 0 0, L_0x7fc4094900f0;  1 drivers
L_0x7fc409563320 .functor BUFT 1, C4<1>, C4<0>, C4<0>, C4<0>;
v0x7fc409488910_0 .net/2u *"_s4", 0 0, L_0x7fc409563320;  1 drivers
L_0x7fc409563368 .functor BUFT 1, C4<0>, C4<0>, C4<0>, C4<0>;
v0x7fc4094889c0_0 .net/2u *"_s6", 0 0, L_0x7fc409563368;  1 drivers
E_0x7fc4094883e0 .event edge, v0x7fc409488410_0, v0x7fc4094884c0_0, v0x7fc409488570_0;
L_0x7fc4094900f0 .cmp/eq 32, v0x7fc409488630_0, L_0x7fc4095632d8;
L_0x7fc409490500 .functor MUXZ 1, L_0x7fc409563368, L_0x7fc409563320, L_0x7fc4094900f0, C4<>;
S_0x7fc409488b50 .scope module, "aluctrl" "ALUControl" 3 43, 7 17 0, S_0x7fc409487150;
 .timescale -9 -12;
    .port_info 0 /OUTPUT 4 "ALUCtrl"
    .port_info 1 /INPUT 4 "ALUop"
    .port_info 2 /INPUT 6 "FuncCode"
v0x7fc409488d50_0 .var "ALUCtrl", 3 0;
v0x7fc409488e20_0 .net "ALUop", 3 0, v0x7fc409489360_0;  alias, 1 drivers
v0x7fc409488ec0_0 .net "FuncCode", 5 0, L_0x7fc40948f820;  1 drivers
E_0x7fc409488330 .event edge, v0x7fc409488e20_0, v0x7fc409488ec0_0;
S_0x7fc409488fd0 .scope module, "ctrl" "SingleCycleControl" 3 44, 8 32 0, S_0x7fc409487150;
 .timescale -9 -12;
    .port_info 0 /OUTPUT 1 "RegDst"
    .port_info 1 /OUTPUT 1 "ALUSrc"
    .port_info 2 /OUTPUT 1 "MemToReg"
    .port_info 3 /OUTPUT 1 "RegWrite"
    .port_info 4 /OUTPUT 1 "MemRead"
    .port_info 5 /OUTPUT 1 "MemWrite"
    .port_info 6 /OUTPUT 1 "Branch"
    .port_info 7 /OUTPUT 1 "Jump"
    .port_info 8 /OUTPUT 1 "SignExtend"
    .port_info 9 /OUTPUT 4 "ALUOp"
    .port_info 10 /INPUT 6 "Opcode"
v0x7fc409489360_0 .var "ALUOp", 3 0;
v0x7fc409489410_0 .var "ALUSrc", 0 0;
v0x7fc4094894a0_0 .var "Branch", 0 0;
v0x7fc409489550_0 .var "Jump", 0 0;
v0x7fc4094895f0_0 .var "MemRead", 0 0;
v0x7fc4094896c0_0 .var "MemToReg", 0 0;
v0x7fc409489750_0 .var "MemWrite", 0 0;
v0x7fc409489800_0 .net "Opcode", 5 0, L_0x7fc40948f980;  1 drivers
v0x7fc4094898a0_0 .var "RegDst", 0 0;
v0x7fc4094899c0_0 .var "RegWrite", 0 0;
v0x7fc409489a60_0 .var "SignExtend", 0 0;
E_0x7fc409489330 .event edge, v0x7fc409489800_0;
S_0x7fc409489c10 .scope module, "registerFiles" "rf" 3 38, 9 23 0, S_0x7fc409487150;
 .timescale -9 -12;
    .port_info 0 /OUTPUT 32 "BusA"
    .port_info 1 /OUTPUT 32 "BusB"
    .port_info 2 /INPUT 32 "BusW"
    .port_info 3 /INPUT 5 "RA"
    .port_info 4 /INPUT 5 "RB"
    .port_info 5 /INPUT 5 "RW"
    .port_info 6 /INPUT 1 "RegWr"
    .port_info 7 /INPUT 1 "Clk"
v0x7fc409489f10_0 .var "BusA", 31 0;
v0x7fc409489fd0_0 .var "BusB", 31 0;
v0x7fc40948a070_0 .net "BusW", 31 0, L_0x7fc409490660;  alias, 1 drivers
v0x7fc40948a100_0 .net "Clk", 0 0, v0x7fc40948d4d0_0;  alias, 1 drivers
v0x7fc40948a190_0 .net "RA", 4 0, L_0x7fc40948f590;  1 drivers
v0x7fc40948a270_0 .net "RB", 4 0, L_0x7fc40948f010;  1 drivers
v0x7fc40948a320_0 .net "RW", 4 0, L_0x7fc40948f0b0;  alias, 1 drivers
v0x7fc40948a3d0_0 .net "RegWr", 0 0, v0x7fc4094899c0_0;  alias, 1 drivers
v0x7fc40948a460_0 .net *"_s13", 31 0, L_0x7fc40948f3d0;  1 drivers
v0x7fc40948a580_0 .net *"_s15", 6 0, L_0x7fc40948f470;  1 drivers
L_0x7fc409563170 .functor BUFT 1, C4<00>, C4<0>, C4<0>, C4<0>;
v0x7fc40948a630_0 .net *"_s18", 1 0, L_0x7fc409563170;  1 drivers
v0x7fc40948a6e0_0 .net *"_s4", 31 0, L_0x7fc40948f1d0;  1 drivers
v0x7fc40948a790_0 .net *"_s6", 6 0, L_0x7fc40948f270;  1 drivers
L_0x7fc409563128 .functor BUFT 1, C4<00>, C4<0>, C4<0>, C4<0>;
v0x7fc40948a840_0 .net *"_s9", 1 0, L_0x7fc409563128;  1 drivers
v0x7fc40948a8f0 .array "memory", 31 0, 31 0;
E_0x7fc409489e80 .event edge, L_0x7fc40948f3d0, v0x7fc40948a270_0;
E_0x7fc409489ed0 .event edge, L_0x7fc40948f1d0, v0x7fc40948a190_0;
L_0x7fc40948f1d0 .array/port v0x7fc40948a8f0, L_0x7fc40948f270;
L_0x7fc40948f270 .concat [ 5 2 0 0], L_0x7fc40948f590, L_0x7fc409563128;
L_0x7fc40948f3d0 .array/port v0x7fc40948a8f0, L_0x7fc40948f470;
L_0x7fc40948f470 .concat [ 5 2 0 0], L_0x7fc40948f010, L_0x7fc409563170;
    .scope S_0x7fc409487c70;
T_2 ;
    %wait E_0x7fc409487ff0;
    %load/vec4 v0x7fc409488020_0;
    %dup/vec4;
    %pushi/vec4 0, 0, 32;
    %cmp/u;
    %jmp/1 T_2.0, 6;
    %dup/vec4;
    %pushi/vec4 4, 0, 32;
    %cmp/u;
    %jmp/1 T_2.1, 6;
    %dup/vec4;
    %pushi/vec4 8, 0, 32;
    %cmp/u;
    %jmp/1 T_2.2, 6;
    %dup/vec4;
    %pushi/vec4 12, 0, 32;
    %cmp/u;
    %jmp/1 T_2.3, 6;
    %dup/vec4;
    %pushi/vec4 16, 0, 32;
    %cmp/u;
    %jmp/1 T_2.4, 6;
    %dup/vec4;
    %pushi/vec4 20, 0, 32;
    %cmp/u;
    %jmp/1 T_2.5, 6;
    %dup/vec4;
    %pushi/vec4 24, 0, 32;
    %cmp/u;
    %jmp/1 T_2.6, 6;
    %dup/vec4;
    %pushi/vec4 28, 0, 32;
    %cmp/u;
    %jmp/1 T_2.7, 6;
    %dup/vec4;
    %pushi/vec4 32, 0, 32;
    %cmp/u;
    %jmp/1 T_2.8, 6;
    %dup/vec4;
    %pushi/vec4 36, 0, 32;
    %cmp/u;
    %jmp/1 T_2.9, 6;
    %dup/vec4;
    %pushi/vec4 40, 0, 32;
    %cmp/u;
    %jmp/1 T_2.10, 6;
    %dup/vec4;
    %pushi/vec4 44, 0, 32;
    %cmp/u;
    %jmp/1 T_2.11, 6;
    %dup/vec4;
    %pushi/vec4 48, 0, 32;
    %cmp/u;
    %jmp/1 T_2.12, 6;
    %dup/vec4;
    %pushi/vec4 52, 0, 32;
    %cmp/u;
    %jmp/1 T_2.13, 6;
    %dup/vec4;
    %pushi/vec4 56, 0, 32;
    %cmp/u;
    %jmp/1 T_2.14, 6;
    %dup/vec4;
    %pushi/vec4 60, 0, 32;
    %cmp/u;
    %jmp/1 T_2.15, 6;
    %dup/vec4;
    %pushi/vec4 64, 0, 32;
    %cmp/u;
    %jmp/1 T_2.16, 6;
    %dup/vec4;
    %pushi/vec4 68, 0, 32;
    %cmp/u;
    %jmp/1 T_2.17, 6;
    %dup/vec4;
    %pushi/vec4 72, 0, 32;
    %cmp/u;
    %jmp/1 T_2.18, 6;
    %dup/vec4;
    %pushi/vec4 76, 0, 32;
    %cmp/u;
    %jmp/1 T_2.19, 6;
    %dup/vec4;
    %pushi/vec4 80, 0, 32;
    %cmp/u;
    %jmp/1 T_2.20, 6;
    %dup/vec4;
    %pushi/vec4 96, 0, 32;
    %cmp/u;
    %jmp/1 T_2.21, 6;
    %dup/vec4;
    %pushi/vec4 100, 0, 32;
    %cmp/u;
    %jmp/1 T_2.22, 6;
    %dup/vec4;
    %pushi/vec4 104, 0, 32;
    %cmp/u;
    %jmp/1 T_2.23, 6;
    %dup/vec4;
    %pushi/vec4 108, 0, 32;
    %cmp/u;
    %jmp/1 T_2.24, 6;
    %dup/vec4;
    %pushi/vec4 112, 0, 32;
    %cmp/u;
    %jmp/1 T_2.25, 6;
    %dup/vec4;
    %pushi/vec4 116, 0, 32;
    %cmp/u;
    %jmp/1 T_2.26, 6;
    %dup/vec4;
    %pushi/vec4 120, 0, 32;
    %cmp/u;
    %jmp/1 T_2.27, 6;
    %dup/vec4;
    %pushi/vec4 124, 0, 32;
    %cmp/u;
    %jmp/1 T_2.28, 6;
    %dup/vec4;
    %pushi/vec4 128, 0, 32;
    %cmp/u;
    %jmp/1 T_2.29, 6;
    %dup/vec4;
    %pushi/vec4 132, 0, 32;
    %cmp/u;
    %jmp/1 T_2.30, 6;
    %dup/vec4;
    %pushi/vec4 136, 0, 32;
    %cmp/u;
    %jmp/1 T_2.31, 6;
    %dup/vec4;
    %pushi/vec4 160, 0, 32;
    %cmp/u;
    %jmp/1 T_2.32, 6;
    %dup/vec4;
    %pushi/vec4 164, 0, 32;
    %cmp/u;
    %jmp/1 T_2.33, 6;
    %dup/vec4;
    %pushi/vec4 168, 0, 32;
    %cmp/u;
    %jmp/1 T_2.34, 6;
    %dup/vec4;
    %pushi/vec4 172, 0, 32;
    %cmp/u;
    %jmp/1 T_2.35, 6;
    %dup/vec4;
    %pushi/vec4 176, 0, 32;
    %cmp/u;
    %jmp/1 T_2.36, 6;
    %dup/vec4;
    %pushi/vec4 180, 0, 32;
    %cmp/u;
    %jmp/1 T_2.37, 6;
    %dup/vec4;
    %pushi/vec4 184, 0, 32;
    %cmp/u;
    %jmp/1 T_2.38, 6;
    %dup/vec4;
    %pushi/vec4 188, 0, 32;
    %cmp/u;
    %jmp/1 T_2.39, 6;
    %dup/vec4;
    %pushi/vec4 192, 0, 32;
    %cmp/u;
    %jmp/1 T_2.40, 6;
    %dup/vec4;
    %pushi/vec4 196, 0, 32;
    %cmp/u;
    %jmp/1 T_2.41, 6;
    %dup/vec4;
    %pushi/vec4 200, 0, 32;
    %cmp/u;
    %jmp/1 T_2.42, 6;
    %dup/vec4;
    %pushi/vec4 204, 0, 32;
    %cmp/u;
    %jmp/1 T_2.43, 6;
    %dup/vec4;
    %pushi/vec4 208, 0, 32;
    %cmp/u;
    %jmp/1 T_2.44, 6;
    %dup/vec4;
    %pushi/vec4 212, 0, 32;
    %cmp/u;
    %jmp/1 T_2.45, 6;
    %dup/vec4;
    %pushi/vec4 216, 0, 32;
    %cmp/u;
    %jmp/1 T_2.46, 6;
    %dup/vec4;
    %pushi/vec4 220, 0, 32;
    %cmp/u;
    %jmp/1 T_2.47, 6;
    %dup/vec4;
    %pushi/vec4 224, 0, 32;
    %cmp/u;
    %jmp/1 T_2.48, 6;
    %dup/vec4;
    %pushi/vec4 228, 0, 32;
    %cmp/u;
    %jmp/1 T_2.49, 6;
    %dup/vec4;
    %pushi/vec4 232, 0, 32;
    %cmp/u;
    %jmp/1 T_2.50, 6;
    %dup/vec4;
    %pushi/vec4 236, 0, 32;
    %cmp/u;
    %jmp/1 T_2.51, 6;
    %dup/vec4;
    %pushi/vec4 240, 0, 32;
    %cmp/u;
    %jmp/1 T_2.52, 6;
    %dup/vec4;
    %pushi/vec4 244, 0, 32;
    %cmp/u;
    %jmp/1 T_2.53, 6;
    %dup/vec4;
    %pushi/vec4 248, 0, 32;
    %cmp/u;
    %jmp/1 T_2.54, 6;
    %dup/vec4;
    %pushi/vec4 252, 0, 32;
    %cmp/u;
    %jmp/1 T_2.55, 6;
    %dup/vec4;
    %pushi/vec4 256, 0, 32;
    %cmp/u;
    %jmp/1 T_2.56, 6;
    %dup/vec4;
    %pushi/vec4 260, 0, 32;
    %cmp/u;
    %jmp/1 T_2.57, 6;
    %dup/vec4;
    %pushi/vec4 264, 0, 32;
    %cmp/u;
    %jmp/1 T_2.58, 6;
    %dup/vec4;
    %pushi/vec4 268, 0, 32;
    %cmp/u;
    %jmp/1 T_2.59, 6;
    %dup/vec4;
    %pushi/vec4 272, 0, 32;
    %cmp/u;
    %jmp/1 T_2.60, 6;
    %dup/vec4;
    %pushi/vec4 276, 0, 32;
    %cmp/u;
    %jmp/1 T_2.61, 6;
    %dup/vec4;
    %pushi/vec4 280, 0, 32;
    %cmp/u;
    %jmp/1 T_2.62, 6;
    %dup/vec4;
    %pushi/vec4 284, 0, 32;
    %cmp/u;
    %jmp/1 T_2.63, 6;
    %dup/vec4;
    %pushi/vec4 288, 0, 32;
    %cmp/u;
    %jmp/1 T_2.64, 6;
    %dup/vec4;
    %pushi/vec4 292, 0, 32;
    %cmp/u;
    %jmp/1 T_2.65, 6;
    %dup/vec4;
    %pushi/vec4 296, 0, 32;
    %cmp/u;
    %jmp/1 T_2.66, 6;
    %dup/vec4;
    %pushi/vec4 300, 0, 32;
    %cmp/u;
    %jmp/1 T_2.67, 6;
    %dup/vec4;
    %pushi/vec4 304, 0, 32;
    %cmp/u;
    %jmp/1 T_2.68, 6;
    %dup/vec4;
    %pushi/vec4 308, 0, 32;
    %cmp/u;
    %jmp/1 T_2.69, 6;
    %dup/vec4;
    %pushi/vec4 384, 0, 32;
    %cmp/u;
    %jmp/1 T_2.70, 6;
    %dup/vec4;
    %pushi/vec4 388, 0, 32;
    %cmp/u;
    %jmp/1 T_2.71, 6;
    %dup/vec4;
    %pushi/vec4 392, 0, 32;
    %cmp/u;
    %jmp/1 T_2.72, 6;
    %dup/vec4;
    %pushi/vec4 396, 0, 32;
    %cmp/u;
    %jmp/1 T_2.73, 6;
    %dup/vec4;
    %pushi/vec4 400, 0, 32;
    %cmp/u;
    %jmp/1 T_2.74, 6;
    %dup/vec4;
    %pushi/vec4 404, 0, 32;
    %cmp/u;
    %jmp/1 T_2.75, 6;
    %dup/vec4;
    %pushi/vec4 408, 0, 32;
    %cmp/u;
    %jmp/1 T_2.76, 6;
    %dup/vec4;
    %pushi/vec4 412, 0, 32;
    %cmp/u;
    %jmp/1 T_2.77, 6;
    %dup/vec4;
    %pushi/vec4 416, 0, 32;
    %cmp/u;
    %jmp/1 T_2.78, 6;
    %dup/vec4;
    %pushi/vec4 420, 0, 32;
    %cmp/u;
    %jmp/1 T_2.79, 6;
    %dup/vec4;
    %pushi/vec4 424, 0, 32;
    %cmp/u;
    %jmp/1 T_2.80, 6;
    %dup/vec4;
    %pushi/vec4 428, 0, 32;
    %cmp/u;
    %jmp/1 T_2.81, 6;
    %dup/vec4;
    %pushi/vec4 432, 0, 32;
    %cmp/u;
    %jmp/1 T_2.82, 6;
    %dup/vec4;
    %pushi/vec4 436, 0, 32;
    %cmp/u;
    %jmp/1 T_2.83, 6;
    %dup/vec4;
    %pushi/vec4 440, 0, 32;
    %cmp/u;
    %jmp/1 T_2.84, 6;
    %dup/vec4;
    %pushi/vec4 444, 0, 32;
    %cmp/u;
    %jmp/1 T_2.85, 6;
    %dup/vec4;
    %pushi/vec4 448, 0, 32;
    %cmp/u;
    %jmp/1 T_2.86, 6;
    %dup/vec4;
    %pushi/vec4 452, 0, 32;
    %cmp/u;
    %jmp/1 T_2.87, 6;
    %dup/vec4;
    %pushi/vec4 456, 0, 32;
    %cmp/u;
    %jmp/1 T_2.88, 6;
    %dup/vec4;
    %pushi/vec4 768, 0, 32;
    %cmp/u;
    %jmp/1 T_2.89, 6;
    %dup/vec4;
    %pushi/vec4 772, 0, 32;
    %cmp/u;
    %jmp/1 T_2.90, 6;
    %dup/vec4;
    %pushi/vec4 776, 0, 32;
    %cmp/u;
    %jmp/1 T_2.91, 6;
    %dup/vec4;
    %pushi/vec4 780, 0, 32;
    %cmp/u;
    %jmp/1 T_2.92, 6;
    %dup/vec4;
    %pushi/vec4 784, 0, 32;
    %cmp/u;
    %jmp/1 T_2.93, 6;
    %dup/vec4;
    %pushi/vec4 788, 0, 32;
    %cmp/u;
    %jmp/1 T_2.94, 6;
    %dup/vec4;
    %pushi/vec4 792, 0, 32;
    %cmp/u;
    %jmp/1 T_2.95, 6;
    %dup/vec4;
    %pushi/vec4 796, 0, 32;
    %cmp/u;
    %jmp/1 T_2.96, 6;
    %dup/vec4;
    %pushi/vec4 800, 0, 32;
    %cmp/u;
    %jmp/1 T_2.97, 6;
    %dup/vec4;
    %pushi/vec4 804, 0, 32;
    %cmp/u;
    %jmp/1 T_2.98, 6;
    %dup/vec4;
    %pushi/vec4 808, 0, 32;
    %cmp/u;
    %jmp/1 T_2.99, 6;
    %dup/vec4;
    %pushi/vec4 812, 0, 32;
    %cmp/u;
    %jmp/1 T_2.100, 6;
    %dup/vec4;
    %pushi/vec4 816, 0, 32;
    %cmp/u;
    %jmp/1 T_2.101, 6;
    %dup/vec4;
    %pushi/vec4 820, 0, 32;
    %cmp/u;
    %jmp/1 T_2.102, 6;
    %dup/vec4;
    %pushi/vec4 824, 0, 32;
    %cmp/u;
    %jmp/1 T_2.103, 6;
    %dup/vec4;
    %pushi/vec4 828, 0, 32;
    %cmp/u;
    %jmp/1 T_2.104, 6;
    %dup/vec4;
    %pushi/vec4 832, 0, 32;
    %cmp/u;
    %jmp/1 T_2.105, 6;
    %dup/vec4;
    %pushi/vec4 4026531840, 0, 32;
    %cmp/u;
    %jmp/1 T_2.106, 6;
    %dup/vec4;
    %pushi/vec4 1280, 0, 32;
    %cmp/u;
    %jmp/1 T_2.107, 6;
    %dup/vec4;
    %pushi/vec4 1284, 0, 32;
    %cmp/u;
    %jmp/1 T_2.108, 6;
    %dup/vec4;
    %pushi/vec4 1288, 0, 32;
    %cmp/u;
    %jmp/1 T_2.109, 6;
    %dup/vec4;
    %pushi/vec4 1292, 0, 32;
    %cmp/u;
    %jmp/1 T_2.110, 6;
    %dup/vec4;
    %pushi/vec4 1296, 0, 32;
    %cmp/u;
    %jmp/1 T_2.111, 6;
    %dup/vec4;
    %pushi/vec4 1300, 0, 32;
    %cmp/u;
    %jmp/1 T_2.112, 6;
    %dup/vec4;
    %pushi/vec4 1304, 0, 32;
    %cmp/u;
    %jmp/1 T_2.113, 6;
    %dup/vec4;
    %pushi/vec4 1308, 0, 32;
    %cmp/u;
    %jmp/1 T_2.114, 6;
    %dup/vec4;
    %pushi/vec4 1312, 0, 32;
    %cmp/u;
    %jmp/1 T_2.115, 6;
    %dup/vec4;
    %pushi/vec4 1316, 0, 32;
    %cmp/u;
    %jmp/1 T_2.116, 6;
    %dup/vec4;
    %pushi/vec4 1320, 0, 32;
    %cmp/u;
    %jmp/1 T_2.117, 6;
    %dup/vec4;
    %pushi/vec4 1024, 0, 32;
    %cmp/u;
    %jmp/1 T_2.118, 6;
    %dup/vec4;
    %pushi/vec4 1028, 0, 32;
    %cmp/u;
    %jmp/1 T_2.119, 6;
    %dup/vec4;
    %pushi/vec4 1032, 0, 32;
    %cmp/u;
    %jmp/1 T_2.120, 6;
    %dup/vec4;
    %pushi/vec4 1036, 0, 32;
    %cmp/u;
    %jmp/1 T_2.121, 6;
    %dup/vec4;
    %pushi/vec4 1040, 0, 32;
    %cmp/u;
    %jmp/1 T_2.122, 6;
    %dup/vec4;
    %pushi/vec4 1044, 0, 32;
    %cmp/u;
    %jmp/1 T_2.123, 6;
    %dup/vec4;
    %pushi/vec4 1048, 0, 32;
    %cmp/u;
    %jmp/1 T_2.124, 6;
    %dup/vec4;
    %pushi/vec4 1052, 0, 32;
    %cmp/u;
    %jmp/1 T_2.125, 6;
    %dup/vec4;
    %pushi/vec4 1056, 0, 32;
    %cmp/u;
    %jmp/1 T_2.126, 6;
    %dup/vec4;
    %pushi/vec4 1060, 0, 32;
    %cmp/u;
    %jmp/1 T_2.127, 6;
    %dup/vec4;
    %pushi/vec4 1064, 0, 32;
    %cmp/u;
    %jmp/1 T_2.128, 6;
    %dup/vec4;
    %pushi/vec4 1068, 0, 32;
    %cmp/u;
    %jmp/1 T_2.129, 6;
    %dup/vec4;
    %pushi/vec4 1072, 0, 32;
    %cmp/u;
    %jmp/1 T_2.130, 6;
    %dup/vec4;
    %pushi/vec4 1076, 0, 32;
    %cmp/u;
    %jmp/1 T_2.131, 6;
    %dup/vec4;
    %pushi/vec4 1080, 0, 32;
    %cmp/u;
    %jmp/1 T_2.132, 6;
    %dup/vec4;
    %pushi/vec4 1084, 0, 32;
    %cmp/u;
    %jmp/1 T_2.133, 6;
    %dup/vec4;
    %pushi/vec4 1088, 0, 32;
    %cmp/u;
    %jmp/1 T_2.134, 6;
    %dup/vec4;
    %pushi/vec4 1092, 0, 32;
    %cmp/u;
    %jmp/1 T_2.135, 6;
    %pushi/vec4 4294967295, 4294967295, 32;
    %store/vec4 v0x7fc4094880e0_0, 0, 32;
    %jmp T_2.137;
T_2.0 ;
    %pushi/vec4 872939570, 0, 32;
    %store/vec4 v0x7fc4094880e0_0, 0, 32;
    %jmp T_2.137;
T_2.1 ;
    %pushi/vec4 2886205440, 0, 32;
    %store/vec4 v0x7fc4094880e0_0, 0, 32;
    %jmp T_2.137;
T_2.2 ;
    %pushi/vec4 872939560, 0, 32;
    %store/vec4 v0x7fc4094880e0_0, 0, 32;
    %jmp T_2.137;
T_2.3 ;
    %pushi/vec4 2886205444, 0, 32;
    %store/vec4 v0x7fc4094880e0_0, 0, 32;
    %jmp T_2.137;
T_2.4 ;
    %pushi/vec4 872939550, 0, 32;
    %store/vec4 v0x7fc4094880e0_0, 0, 32;
    %jmp T_2.137;
T_2.5 ;
    %pushi/vec4 2886205448, 0, 32;
    %store/vec4 v0x7fc4094880e0_0, 0, 32;
    %jmp T_2.137;
T_2.6 ;
    %pushi/vec4 872677376, 0, 32;
    %store/vec4 v0x7fc4094880e0_0, 0, 32;
    %jmp T_2.137;
T_2.7 ;
    %pushi/vec4 872742915, 0, 32;
    %store/vec4 v0x7fc4094880e0_0, 0, 32;
    %jmp T_2.137;
T_2.8 ;
    %pushi/vec4 16416, 0, 32;
    %store/vec4 v0x7fc4094880e0_0, 0, 32;
    %jmp T_2.137;
T_2.9 ;
    %pushi/vec4 280608, 0, 32;
    %store/vec4 v0x7fc4094880e0_0, 0, 32;
    %jmp T_2.137;
T_2.10 ;
    %pushi/vec4 20512, 0, 32;
    %store/vec4 v0x7fc4094880e0_0, 0, 32;
    %jmp T_2.137;
T_2.11 ;
    %pushi/vec4 289734661, 0, 32;
    %store/vec4 v0x7fc4094880e0_0, 0, 32;
    %jmp T_2.137;
T_2.12 ;
    %pushi/vec4 2368405504, 0, 32;
    %store/vec4 v0x7fc4094880e0_0, 0, 32;
    %jmp T_2.137;
T_2.13 ;
    %pushi/vec4 17514528, 0, 32;
    %store/vec4 v0x7fc4094880e0_0, 0, 32;
    %jmp T_2.137;
T_2.14 ;
    %pushi/vec4 556335108, 0, 32;
    %store/vec4 v0x7fc4094880e0_0, 0, 32;
    %jmp T_2.137;
T_2.15 ;
    %pushi/vec4 558497793, 0, 32;
    %store/vec4 v0x7fc4094880e0_0, 0, 32;
    %jmp T_2.137;
T_2.16 ;
    %pushi/vec4 134217739, 0, 32;
    %store/vec4 v0x7fc4094880e0_0, 0, 32;
    %jmp T_2.137;
T_2.17 ;
    %pushi/vec4 2905079808, 0, 32;
    %store/vec4 v0x7fc4094880e0_0, 0, 32;
    %jmp T_2.137;
T_2.18 ;
    %pushi/vec4 2349334540, 0, 32;
    %store/vec4 v0x7fc4094880e0_0, 0, 32;
    %jmp T_2.137;
T_2.19 ;
    %pushi/vec4 0, 0, 32;
    %store/vec4 v0x7fc4094880e0_0, 0, 32;
    %jmp T_2.137;
T_2.20 ;
    %pushi/vec4 34603040, 0, 32;
    %store/vec4 v0x7fc4094880e0_0, 0, 32;
    %jmp T_2.137;
T_2.21 ;
    %pushi/vec4 872677408, 0, 32;
    %store/vec4 v0x7fc4094880e0_0, 0, 32;
    %jmp T_2.137;
T_2.22 ;
    %pushi/vec4 537001985, 0, 32;
    %store/vec4 v0x7fc4094880e0_0, 0, 32;
    %jmp T_2.137;
T_2.23 ;
    %pushi/vec4 137250, 0, 32;
    %store/vec4 v0x7fc4094880e0_0, 0, 32;
    %jmp T_2.137;
T_2.24 ;
    %pushi/vec4 6301738, 0, 32;
    %store/vec4 v0x7fc4094880e0_0, 0, 32;
    %jmp T_2.137;
T_2.25 ;
    %pushi/vec4 4534304, 0, 32;
    %store/vec4 v0x7fc4094880e0_0, 0, 32;
    %jmp T_2.137;
T_2.26 ;
    %pushi/vec4 10893349, 0, 32;
    %store/vec4 v0x7fc4094880e0_0, 0, 32;
    %jmp T_2.137;
T_2.27 ;
    %pushi/vec4 10960930, 0, 32;
    %store/vec4 v0x7fc4094880e0_0, 0, 32;
    %jmp T_2.137;
T_2.28 ;
    %pushi/vec4 17254436, 0, 32;
    %store/vec4 v0x7fc4094880e0_0, 0, 32;
    %jmp T_2.137;
T_2.29 ;
    %pushi/vec4 2894659584, 0, 32;
    %store/vec4 v0x7fc4094880e0_0, 0, 32;
    %jmp T_2.137;
T_2.30 ;
    %pushi/vec4 2349400096, 0, 32;
    %store/vec4 v0x7fc4094880e0_0, 0, 32;
    %jmp T_2.137;
T_2.31 ;
    %pushi/vec4 0, 0, 32;
    %store/vec4 v0x7fc4094880e0_0, 0, 32;
    %jmp T_2.137;
T_2.32 ;
    %pushi/vec4 1006763757, 0, 32;
    %store/vec4 v0x7fc4094880e0_0, 0, 32;
    %jmp T_2.137;
T_2.33 ;
    %pushi/vec4 874823407, 0, 32;
    %store/vec4 v0x7fc4094880e0_0, 0, 32;
    %jmp T_2.137;
T_2.34 ;
    %pushi/vec4 2885943332, 0, 32;
    %store/vec4 v0x7fc4094880e0_0, 0, 32;
    %jmp T_2.137;
T_2.35 ;
    %pushi/vec4 545650080, 0, 32;
    %store/vec4 v0x7fc4094880e0_0, 0, 32;
    %jmp T_2.137;
T_2.36 ;
    %pushi/vec4 2886008872, 0, 32;
    %store/vec4 v0x7fc4094880e0_0, 0, 32;
    %jmp T_2.137;
T_2.37 ;
    %pushi/vec4 612758944, 0, 32;
    %store/vec4 v0x7fc4094880e0_0, 0, 32;
    %jmp T_2.137;
T_2.38 ;
    %pushi/vec4 2886008876, 0, 32;
    %store/vec4 v0x7fc4094880e0_0, 0, 32;
    %jmp T_2.137;
T_2.39 ;
    %pushi/vec4 814085536, 0, 32;
    %store/vec4 v0x7fc4094880e0_0, 0, 32;
    %jmp T_2.137;
T_2.40 ;
    %pushi/vec4 2886008880, 0, 32;
    %store/vec4 v0x7fc4094880e0_0, 0, 32;
    %jmp T_2.137;
T_2.41 ;
    %pushi/vec4 272704, 0, 32;
    %store/vec4 v0x7fc4094880e0_0, 0, 32;
    %jmp T_2.137;
T_2.42 ;
    %pushi/vec4 2886008884, 0, 32;
    %store/vec4 v0x7fc4094880e0_0, 0, 32;
    %jmp T_2.137;
T_2.43 ;
    %pushi/vec4 272706, 0, 32;
    %store/vec4 v0x7fc4094880e0_0, 0, 32;
    %jmp T_2.137;
T_2.44 ;
    %pushi/vec4 2886008888, 0, 32;
    %store/vec4 v0x7fc4094880e0_0, 0, 32;
    %jmp T_2.137;
T_2.45 ;
    %pushi/vec4 272707, 0, 32;
    %store/vec4 v0x7fc4094880e0_0, 0, 32;
    %jmp T_2.137;
T_2.46 ;
    %pushi/vec4 2886008892, 0, 32;
    %store/vec4 v0x7fc4094880e0_0, 0, 32;
    %jmp T_2.137;
T_2.47 ;
    %pushi/vec4 679804929, 0, 32;
    %store/vec4 v0x7fc4094880e0_0, 0, 32;
    %jmp T_2.137;
T_2.48 ;
    %pushi/vec4 2886008896, 0, 32;
    %store/vec4 v0x7fc4094880e0_0, 0, 32;
    %jmp T_2.137;
T_2.49 ;
    %pushi/vec4 681967615, 0, 32;
    %store/vec4 v0x7fc4094880e0_0, 0, 32;
    %jmp T_2.137;
T_2.50 ;
    %pushi/vec4 2886008900, 0, 32;
    %store/vec4 v0x7fc4094880e0_0, 0, 32;
    %jmp T_2.137;
T_2.51 ;
    %pushi/vec4 746913793, 0, 32;
    %store/vec4 v0x7fc4094880e0_0, 0, 32;
    %jmp T_2.137;
T_2.52 ;
    %pushi/vec4 2886008904, 0, 32;
    %store/vec4 v0x7fc4094880e0_0, 0, 32;
    %jmp T_2.137;
T_2.53 ;
    %pushi/vec4 749076479, 0, 32;
    %store/vec4 v0x7fc4094880e0_0, 0, 32;
    %jmp T_2.137;
T_2.54 ;
    %pushi/vec4 2886008908, 0, 32;
    %store/vec4 v0x7fc4094880e0_0, 0, 32;
    %jmp T_2.137;
T_2.55 ;
    %pushi/vec4 948303264, 0, 32;
    %store/vec4 v0x7fc4094880e0_0, 0, 32;
    %jmp T_2.137;
T_2.56 ;
    %pushi/vec4 2886008912, 0, 32;
    %store/vec4 v0x7fc4094880e0_0, 0, 32;
    %jmp T_2.137;
T_2.57 ;
    %pushi/vec4 2349072420, 0, 32;
    %store/vec4 v0x7fc4094880e0_0, 0, 32;
    %jmp T_2.137;
T_2.58 ;
    %pushi/vec4 2349137960, 0, 32;
    %store/vec4 v0x7fc4094880e0_0, 0, 32;
    %jmp T_2.137;
T_2.59 ;
    %pushi/vec4 2349137964, 0, 32;
    %store/vec4 v0x7fc4094880e0_0, 0, 32;
    %jmp T_2.137;
T_2.60 ;
    %pushi/vec4 2349137968, 0, 32;
    %store/vec4 v0x7fc4094880e0_0, 0, 32;
    %jmp T_2.137;
T_2.61 ;
    %pushi/vec4 2349137972, 0, 32;
    %store/vec4 v0x7fc4094880e0_0, 0, 32;
    %jmp T_2.137;
T_2.62 ;
    %pushi/vec4 2349137976, 0, 32;
    %store/vec4 v0x7fc4094880e0_0, 0, 32;
    %jmp T_2.137;
T_2.63 ;
    %pushi/vec4 2349137980, 0, 32;
    %store/vec4 v0x7fc4094880e0_0, 0, 32;
    %jmp T_2.137;
T_2.64 ;
    %pushi/vec4 2349137984, 0, 32;
    %store/vec4 v0x7fc4094880e0_0, 0, 32;
    %jmp T_2.137;
T_2.65 ;
    %pushi/vec4 2349137988, 0, 32;
    %store/vec4 v0x7fc4094880e0_0, 0, 32;
    %jmp T_2.137;
T_2.66 ;
    %pushi/vec4 2349137992, 0, 32;
    %store/vec4 v0x7fc4094880e0_0, 0, 32;
    %jmp T_2.137;
T_2.67 ;
    %pushi/vec4 2349137996, 0, 32;
    %store/vec4 v0x7fc4094880e0_0, 0, 32;
    %jmp T_2.137;
T_2.68 ;
    %pushi/vec4 2349138000, 0, 32;
    %store/vec4 v0x7fc4094880e0_0, 0, 32;
    %jmp T_2.137;
T_2.69 ;
    %pushi/vec4 0, 0, 32;
    %store/vec4 v0x7fc4094880e0_0, 0, 32;
    %jmp T_2.137;
T_2.70 ;
    %pushi/vec4 873070317, 0, 32;
    %store/vec4 v0x7fc4094880e0_0, 0, 32;
    %jmp T_2.137;
T_2.71 ;
    %pushi/vec4 872939920, 0, 32;
    %store/vec4 v0x7fc4094880e0_0, 0, 32;
    %jmp T_2.137;
T_2.72 ;
    %pushi/vec4 16777224, 0, 32;
    %store/vec4 v0x7fc4094880e0_0, 0, 32;
    %jmp T_2.137;
T_2.73 ;
    %pushi/vec4 873005056, 0, 32;
    %store/vec4 v0x7fc4094880e0_0, 0, 32;
    %jmp T_2.137;
T_2.74 ;
    %pushi/vec4 2886271060, 0, 32;
    %store/vec4 v0x7fc4094880e0_0, 0, 32;
    %jmp T_2.137;
T_2.75 ;
    %pushi/vec4 872991486, 0, 32;
    %store/vec4 v0x7fc4094880e0_0, 0, 32;
    %jmp T_2.137;
T_2.76 ;
    %pushi/vec4 201326696, 0, 32;
    %store/vec4 v0x7fc4094880e0_0, 0, 32;
    %jmp T_2.137;
T_2.77 ;
    %pushi/vec4 872987326, 0, 32;
    %store/vec4 v0x7fc4094880e0_0, 0, 32;
    %jmp T_2.137;
T_2.78 ;
    %pushi/vec4 2886205528, 0, 32;
    %store/vec4 v0x7fc4094880e0_0, 0, 32;
    %jmp T_2.137;
T_2.79 ;
    %pushi/vec4 873134798, 0, 32;
    %store/vec4 v0x7fc4094880e0_0, 0, 32;
    %jmp T_2.137;
T_2.80 ;
    %pushi/vec4 134217836, 0, 32;
    %store/vec4 v0x7fc4094880e0_0, 0, 32;
    %jmp T_2.137;
T_2.81 ;
    %pushi/vec4 873070592, 0, 32;
    %store/vec4 v0x7fc4094880e0_0, 0, 32;
    %jmp T_2.137;
T_2.82 ;
    %pushi/vec4 2886336604, 0, 32;
    %store/vec4 v0x7fc4094880e0_0, 0, 32;
    %jmp T_2.137;
T_2.83 ;
    %pushi/vec4 2887712864, 0, 32;
    %store/vec4 v0x7fc4094880e0_0, 0, 32;
    %jmp T_2.137;
T_2.84 ;
    %pushi/vec4 2349334612, 0, 32;
    %store/vec4 v0x7fc4094880e0_0, 0, 32;
    %jmp T_2.137;
T_2.85 ;
    %pushi/vec4 2349400152, 0, 32;
    %store/vec4 v0x7fc4094880e0_0, 0, 32;
    %jmp T_2.137;
T_2.86 ;
    %pushi/vec4 2349465692, 0, 32;
    %store/vec4 v0x7fc4094880e0_0, 0, 32;
    %jmp T_2.137;
T_2.87 ;
    %pushi/vec4 2350841952, 0, 32;
    %store/vec4 v0x7fc4094880e0_0, 0, 32;
    %jmp T_2.137;
T_2.88 ;
    %pushi/vec4 0, 0, 32;
    %store/vec4 v0x7fc4094880e0_0, 0, 32;
    %jmp T_2.137;
T_2.89 ;
    %pushi/vec4 1006731264, 0, 32;
    %store/vec4 v0x7fc4094880e0_0, 0, 32;
    %jmp T_2.137;
T_2.90 ;
    %pushi/vec4 875069440, 0, 32;
    %store/vec4 v0x7fc4094880e0_0, 0, 32;
    %jmp T_2.137;
T_2.91 ;
    %pushi/vec4 17317920, 0, 32;
    %store/vec4 v0x7fc4094880e0_0, 0, 32;
    %jmp T_2.137;
T_2.92 ;
    %pushi/vec4 2349334532, 0, 32;
    %store/vec4 v0x7fc4094880e0_0, 0, 32;
    %jmp T_2.137;
T_2.93 ;
    %pushi/vec4 1006731263, 0, 32;
    %store/vec4 v0x7fc4094880e0_0, 0, 32;
    %jmp T_2.137;
T_2.94 ;
    %pushi/vec4 875069439, 0, 32;
    %store/vec4 v0x7fc4094880e0_0, 0, 32;
    %jmp T_2.137;
T_2.95 ;
    %pushi/vec4 17317920, 0, 32;
    %store/vec4 v0x7fc4094880e0_0, 0, 32;
    %jmp T_2.137;
T_2.96 ;
    %pushi/vec4 2349334532, 0, 32;
    %store/vec4 v0x7fc4094880e0_0, 0, 32;
    %jmp T_2.137;
T_2.97 ;
    %pushi/vec4 2349334532, 0, 32;
    %store/vec4 v0x7fc4094880e0_0, 0, 32;
    %jmp T_2.137;
T_2.98 ;
    %pushi/vec4 1007190016, 0, 32;
    %store/vec4 v0x7fc4094880e0_0, 0, 32;
    %jmp T_2.137;
T_2.99 ;
    %pushi/vec4 873005057, 0, 32;
    %store/vec4 v0x7fc4094880e0_0, 0, 32;
    %jmp T_2.137;
T_2.100 ;
    %pushi/vec4 17383458, 0, 32;
    %store/vec4 v0x7fc4094880e0_0, 0, 32;
    %jmp T_2.137;
T_2.101 ;
    %pushi/vec4 2349334532, 0, 32;
    %store/vec4 v0x7fc4094880e0_0, 0, 32;
    %jmp T_2.137;
T_2.102 ;
    %pushi/vec4 1006731263, 0, 32;
    %store/vec4 v0x7fc4094880e0_0, 0, 32;
    %jmp T_2.137;
T_2.103 ;
    %pushi/vec4 875102207, 0, 32;
    %store/vec4 v0x7fc4094880e0_0, 0, 32;
    %jmp T_2.137;
T_2.104 ;
    %pushi/vec4 17317944, 0, 32;
    %store/vec4 v0x7fc4094880e0_0, 0, 32;
    %jmp T_2.137;
T_2.105 ;
    %pushi/vec4 2349334532, 0, 32;
    %store/vec4 v0x7fc4094880e0_0, 0, 32;
    %jmp T_2.137;
T_2.106 ;
    %pushi/vec4 2349334528, 0, 32;
    %store/vec4 v0x7fc4094880e0_0, 0, 32;
    %jmp T_2.137;
T_2.107 ;
    %pushi/vec4 604831744, 0, 32;
    %store/vec4 v0x7fc4094880e0_0, 0, 32;
    %jmp T_2.137;
T_2.108 ;
    %pushi/vec4 604504164, 0, 32;
    %store/vec4 v0x7fc4094880e0_0, 0, 32;
    %jmp T_2.137;
T_2.109 ;
    %pushi/vec4 604569600, 0, 32;
    %store/vec4 v0x7fc4094880e0_0, 0, 32;
    %jmp T_2.137;
T_2.110 ;
    %pushi/vec4 556335105, 0, 32;
    %store/vec4 v0x7fc4094880e0_0, 0, 32;
    %jmp T_2.137;
T_2.111 ;
    %pushi/vec4 604635136, 0, 32;
    %store/vec4 v0x7fc4094880e0_0, 0, 32;
    %jmp T_2.137;
T_2.112 ;
    %pushi/vec4 558497793, 0, 32;
    %store/vec4 v0x7fc4094880e0_0, 0, 32;
    %jmp T_2.137;
T_2.113 ;
    %pushi/vec4 564985857, 0, 32;
    %store/vec4 v0x7fc4094880e0_0, 0, 32;
    %jmp T_2.137;
T_2.114 ;
    %pushi/vec4 357105661, 0, 32;
    %store/vec4 v0x7fc4094880e0_0, 0, 32;
    %jmp T_2.137;
T_2.115 ;
    %pushi/vec4 355008506, 0, 32;
    %store/vec4 v0x7fc4094880e0_0, 0, 32;
    %jmp T_2.137;
T_2.116 ;
    %pushi/vec4 2886533132, 0, 32;
    %store/vec4 v0x7fc4094880e0_0, 0, 32;
    %jmp T_2.137;
T_2.117 ;
    %pushi/vec4 2349662220, 0, 32;
    %store/vec4 v0x7fc4094880e0_0, 0, 32;
    %jmp T_2.137;
T_2.118 ;
    %pushi/vec4 604831744, 0, 32;
    %store/vec4 v0x7fc4094880e0_0, 0, 32;
    %jmp T_2.137;
T_2.119 ;
    %pushi/vec4 604504164, 0, 32;
    %store/vec4 v0x7fc4094880e0_0, 0, 32;
    %jmp T_2.137;
T_2.120 ;
    %pushi/vec4 604569600, 0, 32;
    %store/vec4 v0x7fc4094880e0_0, 0, 32;
    %jmp T_2.137;
T_2.121 ;
    %pushi/vec4 556335105, 0, 32;
    %store/vec4 v0x7fc4094880e0_0, 0, 32;
    %jmp T_2.137;
T_2.122 ;
    %pushi/vec4 604635136, 0, 32;
    %store/vec4 v0x7fc4094880e0_0, 0, 32;
    %jmp T_2.137;
T_2.123 ;
    %pushi/vec4 558497793, 0, 32;
    %store/vec4 v0x7fc4094880e0_0, 0, 32;
    %jmp T_2.137;
T_2.124 ;
    %pushi/vec4 826998786, 0, 32;
    %store/vec4 v0x7fc4094880e0_0, 0, 32;
    %jmp T_2.137;
T_2.125 ;
    %pushi/vec4 604766209, 0, 32;
    %store/vec4 v0x7fc4094880e0_0, 0, 32;
    %jmp T_2.137;
T_2.126 ;
    %pushi/vec4 291504129, 0, 32;
    %store/vec4 v0x7fc4094880e0_0, 0, 32;
    %jmp T_2.137;
T_2.127 ;
    %pushi/vec4 604766208, 0, 32;
    %store/vec4 v0x7fc4094880e0_0, 0, 32;
    %jmp T_2.137;
T_2.128 ;
    %pushi/vec4 293601281, 0, 32;
    %store/vec4 v0x7fc4094880e0_0, 0, 32;
    %jmp T_2.137;
T_2.129 ;
    %pushi/vec4 564985857, 0, 32;
    %store/vec4 v0x7fc4094880e0_0, 0, 32;
    %jmp T_2.137;
T_2.130 ;
    %pushi/vec4 289996801, 0, 32;
    %store/vec4 v0x7fc4094880e0_0, 0, 32;
    %jmp T_2.137;
T_2.131 ;
    %pushi/vec4 134217989, 0, 32;
    %store/vec4 v0x7fc4094880e0_0, 0, 32;
    %jmp T_2.137;
T_2.132 ;
    %pushi/vec4 287834113, 0, 32;
    %store/vec4 v0x7fc4094880e0_0, 0, 32;
    %jmp T_2.137;
T_2.133 ;
    %pushi/vec4 134217987, 0, 32;
    %store/vec4 v0x7fc4094880e0_0, 0, 32;
    %jmp T_2.137;
T_2.134 ;
    %pushi/vec4 2886533132, 0, 32;
    %store/vec4 v0x7fc4094880e0_0, 0, 32;
    %jmp T_2.137;
T_2.135 ;
    %pushi/vec4 2349662220, 0, 32;
    %store/vec4 v0x7fc4094880e0_0, 0, 32;
    %jmp T_2.137;
T_2.137 ;
    %pop/vec4 1;
    %jmp T_2;
    .thread T_2, $push;
    .scope S_0x7fc409489c10;
T_3 ;
    %wait E_0x7fc409487660;
    %pushi/vec4 0, 0, 32;
    %ix/load 3, 0, 0;
    %flag_set/imm 4, 0;
    %ix/load 4, 0, 0; Constant delay
    %assign/vec4/a/d v0x7fc40948a8f0, 0, 4;
    %load/vec4 v0x7fc40948a3d0_0;
    %pad/u 32;
    %pushi/vec4 1, 0, 32;
    %cmp/e;
    %flag_get/vec4 4;
    %load/vec4 v0x7fc40948a320_0;
    %pad/u 32;
    %pushi/vec4 0, 0, 32;
    %cmp/e;
    %flag_get/vec4 4;
    %inv;
    %and;
    %flag_set/vec4 8;
    %jmp/0xz  T_3.0, 8;
    %load/vec4 v0x7fc40948a070_0;
    %load/vec4 v0x7fc40948a320_0;
    %pad/u 7;
    %ix/vec4 3;
    %ix/load 4, 0, 0; Constant delay
    %assign/vec4/a/d v0x7fc40948a8f0, 0, 4;
T_3.0 ;
    %jmp T_3;
    .thread T_3;
    .scope S_0x7fc409489c10;
T_4 ;
    %wait E_0x7fc409489ed0;
    %load/vec4 v0x7fc40948a190_0;
    %pad/u 32;
    %cmpi/e 0, 0, 32;
    %jmp/0xz  T_4.0, 4;
    %pushi/vec4 0, 0, 32;
    %assign/vec4 v0x7fc409489f10_0, 0;
    %jmp T_4.1;
T_4.0 ;
    %load/vec4 v0x7fc40948a190_0;
    %pad/u 7;
    %ix/vec4 4;
    %load/vec4a v0x7fc40948a8f0, 4;
    %assign/vec4 v0x7fc409489f10_0, 0;
T_4.1 ;
    %jmp T_4;
    .thread T_4, $push;
    .scope S_0x7fc409489c10;
T_5 ;
    %wait E_0x7fc409489e80;
    %load/vec4 v0x7fc40948a270_0;
    %pad/u 32;
    %cmpi/e 0, 0, 32;
    %jmp/0xz  T_5.0, 4;
    %pushi/vec4 0, 0, 32;
    %assign/vec4 v0x7fc409489fd0_0, 0;
    %jmp T_5.1;
T_5.0 ;
    %load/vec4 v0x7fc40948a270_0;
    %pad/u 7;
    %ix/vec4 4;
    %load/vec4a v0x7fc40948a8f0, 4;
    %assign/vec4 v0x7fc409489fd0_0, 0;
T_5.1 ;
    %jmp T_5;
    .thread T_5, $push;
    .scope S_0x7fc409488b50;
T_6 ;
    %wait E_0x7fc409488330;
    %load/vec4 v0x7fc409488e20_0;
    %cmpi/e 15, 0, 4;
    %jmp/0xz  T_6.0, 4;
    %load/vec4 v0x7fc409488ec0_0;
    %dup/vec4;
    %pushi/vec4 0, 0, 6;
    %cmp/u;
    %jmp/1 T_6.2, 6;
    %dup/vec4;
    %pushi/vec4 2, 0, 6;
    %cmp/u;
    %jmp/1 T_6.3, 6;
    %dup/vec4;
    %pushi/vec4 3, 0, 6;
    %cmp/u;
    %jmp/1 T_6.4, 6;
    %dup/vec4;
    %pushi/vec4 32, 0, 6;
    %cmp/u;
    %jmp/1 T_6.5, 6;
    %dup/vec4;
    %pushi/vec4 33, 0, 6;
    %cmp/u;
    %jmp/1 T_6.6, 6;
    %dup/vec4;
    %pushi/vec4 34, 0, 6;
    %cmp/u;
    %jmp/1 T_6.7, 6;
    %dup/vec4;
    %pushi/vec4 35, 0, 6;
    %cmp/u;
    %jmp/1 T_6.8, 6;
    %dup/vec4;
    %pushi/vec4 36, 0, 6;
    %cmp/u;
    %jmp/1 T_6.9, 6;
    %dup/vec4;
    %pushi/vec4 37, 0, 6;
    %cmp/u;
    %jmp/1 T_6.10, 6;
    %dup/vec4;
    %pushi/vec4 38, 0, 6;
    %cmp/u;
    %jmp/1 T_6.11, 6;
    %dup/vec4;
    %pushi/vec4 39, 0, 6;
    %cmp/u;
    %jmp/1 T_6.12, 6;
    %dup/vec4;
    %pushi/vec4 42, 0, 6;
    %cmp/u;
    %jmp/1 T_6.13, 6;
    %dup/vec4;
    %pushi/vec4 43, 0, 6;
    %cmp/u;
    %jmp/1 T_6.14, 6;
    %pushi/vec4 15, 15, 4;
    %assign/vec4 v0x7fc409488d50_0, 0;
    %jmp T_6.16;
T_6.2 ;
    %pushi/vec4 3, 0, 4;
    %assign/vec4 v0x7fc409488d50_0, 0;
    %jmp T_6.16;
T_6.3 ;
    %pushi/vec4 4, 0, 4;
    %assign/vec4 v0x7fc409488d50_0, 0;
    %jmp T_6.16;
T_6.4 ;
    %pushi/vec4 13, 0, 4;
    %assign/vec4 v0x7fc409488d50_0, 0;
    %jmp T_6.16;
T_6.5 ;
    %pushi/vec4 2, 0, 4;
    %assign/vec4 v0x7fc409488d50_0, 0;
    %jmp T_6.16;
T_6.6 ;
    %pushi/vec4 8, 0, 4;
    %assign/vec4 v0x7fc409488d50_0, 0;
    %jmp T_6.16;
T_6.7 ;
    %pushi/vec4 6, 0, 4;
    %assign/vec4 v0x7fc409488d50_0, 0;
    %jmp T_6.16;
T_6.8 ;
    %pushi/vec4 9, 0, 4;
    %assign/vec4 v0x7fc409488d50_0, 0;
    %jmp T_6.16;
T_6.9 ;
    %pushi/vec4 0, 0, 4;
    %assign/vec4 v0x7fc409488d50_0, 0;
    %jmp T_6.16;
T_6.10 ;
    %pushi/vec4 1, 0, 4;
    %assign/vec4 v0x7fc409488d50_0, 0;
    %jmp T_6.16;
T_6.11 ;
    %pushi/vec4 10, 0, 4;
    %assign/vec4 v0x7fc409488d50_0, 0;
    %jmp T_6.16;
T_6.12 ;
    %pushi/vec4 12, 0, 4;
    %assign/vec4 v0x7fc409488d50_0, 0;
    %jmp T_6.16;
T_6.13 ;
    %pushi/vec4 7, 0, 4;
    %assign/vec4 v0x7fc409488d50_0, 0;
    %jmp T_6.16;
T_6.14 ;
    %pushi/vec4 11, 0, 4;
    %assign/vec4 v0x7fc409488d50_0, 0;
    %jmp T_6.16;
T_6.16 ;
    %pop/vec4 1;
    %jmp T_6.1;
T_6.0 ;
    %load/vec4 v0x7fc409488e20_0;
    %assign/vec4 v0x7fc409488d50_0, 0;
T_6.1 ;
    %jmp T_6;
    .thread T_6, $push;
    .scope S_0x7fc409488fd0;
T_7 ;
    %wait E_0x7fc409489330;
    %load/vec4 v0x7fc409489800_0;
    %dup/vec4;
    %pushi/vec4 0, 0, 6;
    %cmp/u;
    %jmp/1 T_7.0, 6;
    %dup/vec4;
    %pushi/vec4 35, 0, 6;
    %cmp/u;
    %jmp/1 T_7.1, 6;
    %dup/vec4;
    %pushi/vec4 43, 0, 6;
    %cmp/u;
    %jmp/1 T_7.2, 6;
    %dup/vec4;
    %pushi/vec4 2, 0, 6;
    %cmp/u;
    %jmp/1 T_7.3, 6;
    %dup/vec4;
    %pushi/vec4 4, 0, 6;
    %cmp/u;
    %jmp/1 T_7.4, 6;
    %dup/vec4;
    %pushi/vec4 13, 0, 6;
    %cmp/u;
    %jmp/1 T_7.5, 6;
    %dup/vec4;
    %pushi/vec4 8, 0, 6;
    %cmp/u;
    %jmp/1 T_7.6, 6;
    %dup/vec4;
    %pushi/vec4 9, 0, 6;
    %cmp/u;
    %jmp/1 T_7.7, 6;
    %dup/vec4;
    %pushi/vec4 12, 0, 6;
    %cmp/u;
    %jmp/1 T_7.8, 6;
    %dup/vec4;
    %pushi/vec4 15, 0, 6;
    %cmp/u;
    %jmp/1 T_7.9, 6;
    %dup/vec4;
    %pushi/vec4 10, 0, 6;
    %cmp/u;
    %jmp/1 T_7.10, 6;
    %dup/vec4;
    %pushi/vec4 11, 0, 6;
    %cmp/u;
    %jmp/1 T_7.11, 6;
    %dup/vec4;
    %pushi/vec4 14, 0, 6;
    %cmp/u;
    %jmp/1 T_7.12, 6;
    %pushi/vec4 1, 1, 1;
    %assign/vec4 v0x7fc4094898a0_0, 2000;
    %pushi/vec4 1, 1, 1;
    %assign/vec4 v0x7fc409489410_0, 2000;
    %pushi/vec4 1, 1, 1;
    %assign/vec4 v0x7fc4094896c0_0, 2000;
    %pushi/vec4 1, 1, 1;
    %assign/vec4 v0x7fc4094899c0_0, 2000;
    %pushi/vec4 1, 1, 1;
    %assign/vec4 v0x7fc4094895f0_0, 2000;
    %pushi/vec4 1, 1, 1;
    %assign/vec4 v0x7fc409489750_0, 2000;
    %pushi/vec4 1, 1, 1;
    %assign/vec4 v0x7fc4094894a0_0, 2000;
    %pushi/vec4 1, 1, 1;
    %assign/vec4 v0x7fc409489550_0, 2000;
    %pushi/vec4 1, 1, 1;
    %assign/vec4 v0x7fc409489a60_0, 2000;
    %pushi/vec4 15, 15, 4;
    %assign/vec4 v0x7fc409489360_0, 2000;
    %jmp T_7.14;
T_7.0 ;
    %pushi/vec4 1, 0, 1;
    %assign/vec4 v0x7fc4094898a0_0, 2000;
    %pushi/vec4 0, 0, 1;
    %assign/vec4 v0x7fc409489410_0, 2000;
    %pushi/vec4 0, 0, 1;
    %assign/vec4 v0x7fc4094896c0_0, 2000;
    %pushi/vec4 1, 0, 1;
    %assign/vec4 v0x7fc4094899c0_0, 2000;
    %pushi/vec4 0, 0, 1;
    %assign/vec4 v0x7fc4094895f0_0, 2000;
    %pushi/vec4 0, 0, 1;
    %assign/vec4 v0x7fc409489750_0, 2000;
    %pushi/vec4 0, 0, 1;
    %assign/vec4 v0x7fc4094894a0_0, 2000;
    %pushi/vec4 0, 0, 1;
    %assign/vec4 v0x7fc409489550_0, 2000;
    %pushi/vec4 0, 0, 1;
    %assign/vec4 v0x7fc409489a60_0, 2000;
    %pushi/vec4 15, 0, 4;
    %assign/vec4 v0x7fc409489360_0, 2000;
    %jmp T_7.14;
T_7.1 ;
    %pushi/vec4 0, 0, 1;
    %assign/vec4 v0x7fc4094898a0_0, 2000;
    %pushi/vec4 1, 0, 1;
    %assign/vec4 v0x7fc409489410_0, 2000;
    %pushi/vec4 1, 0, 1;
    %assign/vec4 v0x7fc4094896c0_0, 2000;
    %pushi/vec4 1, 0, 1;
    %assign/vec4 v0x7fc4094899c0_0, 2000;
    %pushi/vec4 1, 0, 1;
    %assign/vec4 v0x7fc4094895f0_0, 2000;
    %pushi/vec4 0, 0, 1;
    %assign/vec4 v0x7fc409489750_0, 2000;
    %pushi/vec4 0, 0, 1;
    %assign/vec4 v0x7fc4094894a0_0, 2000;
    %pushi/vec4 0, 0, 1;
    %assign/vec4 v0x7fc409489550_0, 2000;
    %pushi/vec4 1, 0, 1;
    %assign/vec4 v0x7fc409489a60_0, 2000;
    %pushi/vec4 2, 0, 4;
    %assign/vec4 v0x7fc409489360_0, 2000;
    %jmp T_7.14;
T_7.2 ;
    %pushi/vec4 1, 1, 1;
    %assign/vec4 v0x7fc4094898a0_0, 2000;
    %pushi/vec4 1, 0, 1;
    %assign/vec4 v0x7fc409489410_0, 2000;
    %pushi/vec4 1, 1, 1;
    %assign/vec4 v0x7fc4094896c0_0, 2000;
    %pushi/vec4 0, 0, 1;
    %assign/vec4 v0x7fc4094899c0_0, 2000;
    %pushi/vec4 0, 0, 1;
    %assign/vec4 v0x7fc4094895f0_0, 2000;
    %pushi/vec4 1, 0, 1;
    %assign/vec4 v0x7fc409489750_0, 2000;
    %pushi/vec4 0, 0, 1;
    %assign/vec4 v0x7fc4094894a0_0, 2000;
    %pushi/vec4 0, 0, 1;
    %assign/vec4 v0x7fc409489550_0, 2000;
    %pushi/vec4 1, 0, 1;
    %assign/vec4 v0x7fc409489a60_0, 2000;
    %pushi/vec4 2, 0, 4;
    %assign/vec4 v0x7fc409489360_0, 2000;
    %jmp T_7.14;
T_7.3 ;
    %pushi/vec4 1, 1, 1;
    %assign/vec4 v0x7fc4094898a0_0, 2000;
    %pushi/vec4 1, 1, 1;
    %assign/vec4 v0x7fc409489410_0, 2000;
    %pushi/vec4 1, 1, 1;
    %assign/vec4 v0x7fc4094896c0_0, 2000;
    %pushi/vec4 0, 0, 1;
    %assign/vec4 v0x7fc4094899c0_0, 2000;
    %pushi/vec4 0, 0, 1;
    %assign/vec4 v0x7fc4094895f0_0, 2000;
    %pushi/vec4 0, 0, 1;
    %assign/vec4 v0x7fc409489750_0, 2000;
    %pushi/vec4 0, 0, 1;
    %assign/vec4 v0x7fc4094894a0_0, 2000;
    %pushi/vec4 1, 0, 1;
    %assign/vec4 v0x7fc409489550_0, 2000;
    %pushi/vec4 1, 1, 1;
    %assign/vec4 v0x7fc409489a60_0, 2000;
    %pushi/vec4 15, 15, 4;
    %assign/vec4 v0x7fc409489360_0, 2000;
    %jmp T_7.14;
T_7.4 ;
    %pushi/vec4 1, 1, 1;
    %assign/vec4 v0x7fc4094898a0_0, 2000;
    %pushi/vec4 0, 0, 1;
    %assign/vec4 v0x7fc409489410_0, 2000;
    %pushi/vec4 1, 1, 1;
    %assign/vec4 v0x7fc4094896c0_0, 2000;
    %pushi/vec4 0, 0, 1;
    %assign/vec4 v0x7fc4094899c0_0, 2000;
    %pushi/vec4 1, 1, 1;
    %assign/vec4 v0x7fc4094895f0_0, 2000;
    %pushi/vec4 0, 0, 1;
    %assign/vec4 v0x7fc409489750_0, 2000;
    %pushi/vec4 1, 0, 1;
    %assign/vec4 v0x7fc4094894a0_0, 2000;
    %pushi/vec4 0, 0, 1;
    %assign/vec4 v0x7fc409489550_0, 2000;
    %pushi/vec4 1, 1, 1;
    %assign/vec4 v0x7fc409489a60_0, 2000;
    %pushi/vec4 6, 0, 4;
    %assign/vec4 v0x7fc409489360_0, 2000;
    %jmp T_7.14;
T_7.5 ;
    %pushi/vec4 0, 0, 1;
    %assign/vec4 v0x7fc4094898a0_0, 2000;
    %pushi/vec4 1, 0, 1;
    %assign/vec4 v0x7fc409489410_0, 2000;
    %pushi/vec4 0, 0, 1;
    %assign/vec4 v0x7fc4094896c0_0, 2000;
    %pushi/vec4 1, 0, 1;
    %assign/vec4 v0x7fc4094899c0_0, 2000;
    %pushi/vec4 1, 1, 1;
    %assign/vec4 v0x7fc4094895f0_0, 2000;
    %pushi/vec4 0, 0, 1;
    %assign/vec4 v0x7fc409489750_0, 2000;
    %pushi/vec4 0, 0, 1;
    %assign/vec4 v0x7fc4094894a0_0, 2000;
    %pushi/vec4 0, 0, 1;
    %assign/vec4 v0x7fc409489550_0, 2000;
    %pushi/vec4 0, 0, 1;
    %assign/vec4 v0x7fc409489a60_0, 2000;
    %pushi/vec4 1, 0, 4;
    %assign/vec4 v0x7fc409489360_0, 2000;
    %jmp T_7.14;
T_7.6 ;
    %pushi/vec4 0, 0, 1;
    %assign/vec4 v0x7fc4094898a0_0, 2000;
    %pushi/vec4 1, 0, 1;
    %assign/vec4 v0x7fc409489410_0, 2000;
    %pushi/vec4 0, 0, 1;
    %assign/vec4 v0x7fc4094896c0_0, 2000;
    %pushi/vec4 1, 0, 1;
    %assign/vec4 v0x7fc4094899c0_0, 2000;
    %pushi/vec4 1, 1, 1;
    %assign/vec4 v0x7fc4094895f0_0, 2000;
    %pushi/vec4 0, 0, 1;
    %assign/vec4 v0x7fc409489750_0, 2000;
    %pushi/vec4 0, 0, 1;
    %assign/vec4 v0x7fc4094894a0_0, 2000;
    %pushi/vec4 0, 0, 1;
    %assign/vec4 v0x7fc409489550_0, 2000;
    %pushi/vec4 1, 0, 1;
    %assign/vec4 v0x7fc409489a60_0, 2000;
    %pushi/vec4 2, 0, 4;
    %assign/vec4 v0x7fc409489360_0, 2000;
    %jmp T_7.14;
T_7.7 ;
    %pushi/vec4 0, 0, 1;
    %assign/vec4 v0x7fc4094898a0_0, 2000;
    %pushi/vec4 1, 0, 1;
    %assign/vec4 v0x7fc409489410_0, 2000;
    %pushi/vec4 0, 0, 1;
    %assign/vec4 v0x7fc4094896c0_0, 2000;
    %pushi/vec4 1, 0, 1;
    %assign/vec4 v0x7fc4094899c0_0, 2000;
    %pushi/vec4 1, 1, 1;
    %assign/vec4 v0x7fc4094895f0_0, 2000;
    %pushi/vec4 0, 0, 1;
    %assign/vec4 v0x7fc409489750_0, 2000;
    %pushi/vec4 0, 0, 1;
    %assign/vec4 v0x7fc4094894a0_0, 2000;
    %pushi/vec4 0, 0, 1;
    %assign/vec4 v0x7fc409489550_0, 2000;
    %pushi/vec4 0, 0, 1;
    %assign/vec4 v0x7fc409489a60_0, 2000;
    %pushi/vec4 8, 0, 4;
    %assign/vec4 v0x7fc409489360_0, 2000;
    %jmp T_7.14;
T_7.8 ;
    %pushi/vec4 0, 0, 1;
    %assign/vec4 v0x7fc4094898a0_0, 2000;
    %pushi/vec4 1, 0, 1;
    %assign/vec4 v0x7fc409489410_0, 2000;
    %pushi/vec4 0, 0, 1;
    %assign/vec4 v0x7fc4094896c0_0, 2000;
    %pushi/vec4 1, 0, 1;
    %assign/vec4 v0x7fc4094899c0_0, 2000;
    %pushi/vec4 1, 1, 1;
    %assign/vec4 v0x7fc4094895f0_0, 2000;
    %pushi/vec4 0, 0, 1;
    %assign/vec4 v0x7fc409489750_0, 2000;
    %pushi/vec4 0, 0, 1;
    %assign/vec4 v0x7fc4094894a0_0, 2000;
    %pushi/vec4 0, 0, 1;
    %assign/vec4 v0x7fc409489550_0, 2000;
    %pushi/vec4 0, 0, 1;
    %assign/vec4 v0x7fc409489a60_0, 2000;
    %pushi/vec4 0, 0, 4;
    %assign/vec4 v0x7fc409489360_0, 2000;
    %jmp T_7.14;
T_7.9 ;
    %pushi/vec4 0, 0, 1;
    %assign/vec4 v0x7fc4094898a0_0, 2000;
    %pushi/vec4 1, 0, 1;
    %assign/vec4 v0x7fc409489410_0, 2000;
    %pushi/vec4 0, 0, 1;
    %assign/vec4 v0x7fc4094896c0_0, 2000;
    %pushi/vec4 1, 0, 1;
    %assign/vec4 v0x7fc4094899c0_0, 2000;
    %pushi/vec4 1, 1, 1;
    %assign/vec4 v0x7fc4094895f0_0, 2000;
    %pushi/vec4 0, 0, 1;
    %assign/vec4 v0x7fc409489750_0, 2000;
    %pushi/vec4 0, 0, 1;
    %assign/vec4 v0x7fc4094894a0_0, 2000;
    %pushi/vec4 0, 0, 1;
    %assign/vec4 v0x7fc409489550_0, 2000;
    %pushi/vec4 0, 0, 1;
    %assign/vec4 v0x7fc409489a60_0, 2000;
    %pushi/vec4 14, 0, 4;
    %assign/vec4 v0x7fc409489360_0, 2000;
    %jmp T_7.14;
T_7.10 ;
    %pushi/vec4 0, 0, 1;
    %assign/vec4 v0x7fc4094898a0_0, 2000;
    %pushi/vec4 1, 0, 1;
    %assign/vec4 v0x7fc409489410_0, 2000;
    %pushi/vec4 0, 0, 1;
    %assign/vec4 v0x7fc4094896c0_0, 2000;
    %pushi/vec4 1, 0, 1;
    %assign/vec4 v0x7fc4094899c0_0, 2000;
    %pushi/vec4 1, 1, 1;
    %assign/vec4 v0x7fc4094895f0_0, 2000;
    %pushi/vec4 0, 0, 1;
    %assign/vec4 v0x7fc409489750_0, 2000;
    %pushi/vec4 0, 0, 1;
    %assign/vec4 v0x7fc4094894a0_0, 2000;
    %pushi/vec4 0, 0, 1;
    %assign/vec4 v0x7fc409489550_0, 2000;
    %pushi/vec4 1, 0, 1;
    %assign/vec4 v0x7fc409489a60_0, 2000;
    %pushi/vec4 7, 0, 4;
    %assign/vec4 v0x7fc409489360_0, 2000;
    %jmp T_7.14;
T_7.11 ;
    %pushi/vec4 0, 0, 1;
    %assign/vec4 v0x7fc4094898a0_0, 2000;
    %pushi/vec4 1, 0, 1;
    %assign/vec4 v0x7fc409489410_0, 2000;
    %pushi/vec4 0, 0, 1;
    %assign/vec4 v0x7fc4094896c0_0, 2000;
    %pushi/vec4 1, 0, 1;
    %assign/vec4 v0x7fc4094899c0_0, 2000;
    %pushi/vec4 1, 1, 1;
    %assign/vec4 v0x7fc4094895f0_0, 2000;
    %pushi/vec4 0, 0, 1;
    %assign/vec4 v0x7fc409489750_0, 2000;
    %pushi/vec4 0, 0, 1;
    %assign/vec4 v0x7fc4094894a0_0, 2000;
    %pushi/vec4 0, 0, 1;
    %assign/vec4 v0x7fc409489550_0, 2000;
    %pushi/vec4 1, 0, 1;
    %assign/vec4 v0x7fc409489a60_0, 2000;
    %pushi/vec4 11, 0, 4;
    %assign/vec4 v0x7fc409489360_0, 2000;
    %jmp T_7.14;
T_7.12 ;
    %pushi/vec4 0, 0, 1;
    %assign/vec4 v0x7fc4094898a0_0, 2000;
    %pushi/vec4 1, 0, 1;
    %assign/vec4 v0x7fc409489410_0, 2000;
    %pushi/vec4 0, 0, 1;
    %assign/vec4 v0x7fc4094896c0_0, 2000;
    %pushi/vec4 1, 0, 1;
    %assign/vec4 v0x7fc4094899c0_0, 2000;
    %pushi/vec4 1, 1, 1;
    %assign/vec4 v0x7fc4094895f0_0, 2000;
    %pushi/vec4 0, 0, 1;
    %assign/vec4 v0x7fc409489750_0, 2000;
    %pushi/vec4 0, 0, 1;
    %assign/vec4 v0x7fc4094894a0_0, 2000;
    %pushi/vec4 0, 0, 1;
    %assign/vec4 v0x7fc409489550_0, 2000;
    %pushi/vec4 0, 0, 1;
    %assign/vec4 v0x7fc409489a60_0, 2000;
    %pushi/vec4 10, 0, 4;
    %assign/vec4 v0x7fc409489360_0, 2000;
    %jmp T_7.14;
T_7.14 ;
    %pop/vec4 1;
    %jmp T_7;
    .thread T_7, $push;
    .scope S_0x7fc409488180;
T_8 ;
    %wait E_0x7fc4094883e0;
    %load/vec4 v0x7fc409488410_0;
    %dup/vec4;
    %pushi/vec4 0, 0, 4;
    %cmp/u;
    %jmp/1 T_8.0, 6;
    %dup/vec4;
    %pushi/vec4 1, 0, 4;
    %cmp/u;
    %jmp/1 T_8.1, 6;
    %dup/vec4;
    %pushi/vec4 2, 0, 4;
    %cmp/u;
    %jmp/1 T_8.2, 6;
    %dup/vec4;
    %pushi/vec4 3, 0, 4;
    %cmp/u;
    %jmp/1 T_8.3, 6;
    %dup/vec4;
    %pushi/vec4 4, 0, 4;
    %cmp/u;
    %jmp/1 T_8.4, 6;
    %dup/vec4;
    %pushi/vec4 6, 0, 4;
    %cmp/u;
    %jmp/1 T_8.5, 6;
    %dup/vec4;
    %pushi/vec4 7, 0, 4;
    %cmp/u;
    %jmp/1 T_8.6, 6;
    %dup/vec4;
    %pushi/vec4 8, 0, 4;
    %cmp/u;
    %jmp/1 T_8.7, 6;
    %dup/vec4;
    %pushi/vec4 9, 0, 4;
    %cmp/u;
    %jmp/1 T_8.8, 6;
    %dup/vec4;
    %pushi/vec4 10, 0, 4;
    %cmp/u;
    %jmp/1 T_8.9, 6;
    %dup/vec4;
    %pushi/vec4 11, 0, 4;
    %cmp/u;
    %jmp/1 T_8.10, 6;
    %dup/vec4;
    %pushi/vec4 12, 0, 4;
    %cmp/u;
    %jmp/1 T_8.11, 6;
    %dup/vec4;
    %pushi/vec4 13, 0, 4;
    %cmp/u;
    %jmp/1 T_8.12, 6;
    %dup/vec4;
    %pushi/vec4 14, 0, 4;
    %cmp/u;
    %jmp/1 T_8.13, 6;
    %pushi/vec4 4294967295, 4294967295, 32;
    %assign/vec4 v0x7fc409488630_0, 0;
    %jmp T_8.15;
T_8.0 ;
    %load/vec4 v0x7fc4094884c0_0;
    %load/vec4 v0x7fc409488570_0;
    %and;
    %assign/vec4 v0x7fc409488630_0, 0;
    %jmp T_8.15;
T_8.1 ;
    %load/vec4 v0x7fc4094884c0_0;
    %load/vec4 v0x7fc409488570_0;
    %or;
    %assign/vec4 v0x7fc409488630_0, 0;
    %jmp T_8.15;
T_8.2 ;
    %load/vec4 v0x7fc4094884c0_0;
    %load/vec4 v0x7fc409488570_0;
    %add;
    %assign/vec4 v0x7fc409488630_0, 0;
    %jmp T_8.15;
T_8.3 ;
    %load/vec4 v0x7fc409488570_0;
    %ix/getv 4, v0x7fc4094884c0_0;
    %shiftl 4;
    %assign/vec4 v0x7fc409488630_0, 0;
    %jmp T_8.15;
T_8.4 ;
    %load/vec4 v0x7fc409488570_0;
    %ix/getv 4, v0x7fc4094884c0_0;
    %shiftr 4;
    %assign/vec4 v0x7fc409488630_0, 0;
    %jmp T_8.15;
T_8.5 ;
    %load/vec4 v0x7fc4094884c0_0;
    %load/vec4 v0x7fc409488570_0;
    %sub;
    %assign/vec4 v0x7fc409488630_0, 0;
    %jmp T_8.15;
T_8.6 ;
    %load/vec4 v0x7fc4094884c0_0;
    %load/vec4 v0x7fc409488570_0;
    %cmp/s;
    %flag_mov 8, 5;
    %jmp/0 T_8.16, 8;
    %pushi/vec4 1, 0, 32;
    %jmp/1 T_8.17, 8;
T_8.16 ; End of true expr.
    %pushi/vec4 0, 0, 32;
    %jmp/0 T_8.17, 8;
 ; End of false expr.
    %blend;
T_8.17;
    %assign/vec4 v0x7fc409488630_0, 0;
    %jmp T_8.15;
T_8.7 ;
    %load/vec4 v0x7fc4094884c0_0;
    %load/vec4 v0x7fc409488570_0;
    %add;
    %assign/vec4 v0x7fc409488630_0, 0;
    %jmp T_8.15;
T_8.8 ;
    %load/vec4 v0x7fc4094884c0_0;
    %load/vec4 v0x7fc409488570_0;
    %sub;
    %assign/vec4 v0x7fc409488630_0, 0;
    %jmp T_8.15;
T_8.9 ;
    %load/vec4 v0x7fc4094884c0_0;
    %load/vec4 v0x7fc409488570_0;
    %xor;
    %assign/vec4 v0x7fc409488630_0, 0;
    %jmp T_8.15;
T_8.10 ;
    %load/vec4 v0x7fc4094884c0_0;
    %load/vec4 v0x7fc409488570_0;
    %cmp/u;
    %flag_mov 8, 5;
    %jmp/0 T_8.18, 8;
    %pushi/vec4 1, 0, 32;
    %jmp/1 T_8.19, 8;
T_8.18 ; End of true expr.
    %pushi/vec4 0, 0, 32;
    %jmp/0 T_8.19, 8;
 ; End of false expr.
    %blend;
T_8.19;
    %assign/vec4 v0x7fc409488630_0, 0;
    %jmp T_8.15;
T_8.11 ;
    %load/vec4 v0x7fc4094884c0_0;
    %load/vec4 v0x7fc409488570_0;
    %or;
    %inv;
    %assign/vec4 v0x7fc409488630_0, 0;
    %jmp T_8.15;
T_8.12 ;
    %load/vec4 v0x7fc409488570_0;
    %load/vec4 v0x7fc4094884c0_0;
    %ix/vec4 4;
    %shiftr/s 4;
    %assign/vec4 v0x7fc409488630_0, 0;
    %jmp T_8.15;
T_8.13 ;
    %load/vec4 v0x7fc409488570_0;
    %ix/load 4, 16, 0;
    %flag_set/imm 4, 0;
    %shiftl 4;
    %assign/vec4 v0x7fc409488630_0, 0;
    %jmp T_8.15;
T_8.15 ;
    %pop/vec4 1;
    %jmp T_8;
    .thread T_8, $push;
    .scope S_0x7fc4094873e0;
T_9 ;
    %wait E_0x7fc4094876b0;
    %load/vec4 v0x7fc409487900_0;
    %cmpi/e 1, 0, 1;
    %jmp/0xz  T_9.0, 4;
    %load/vec4 v0x7fc4094876f0_0;
    %pad/u 8;
    %ix/vec4 4;
    %load/vec4a v0x7fc409487850, 4;
    %assign/vec4 v0x7fc409487a80_0, 0;
    %jmp T_9.1;
T_9.0 ;
    %load/vec4 v0x7fc409487a80_0;
    %assign/vec4 v0x7fc409487a80_0, 0;
T_9.1 ;
    %jmp T_9;
    .thread T_9;
    .scope S_0x7fc4094873e0;
T_10 ;
    %wait E_0x7fc409487660;
    %load/vec4 v0x7fc4094879a0_0;
    %cmpi/e 1, 0, 1;
    %jmp/0xz  T_10.0, 4;
    %load/vec4 v0x7fc409487b30_0;
    %load/vec4 v0x7fc4094876f0_0;
    %pad/u 8;
    %ix/vec4 3;
    %ix/load 4, 0, 0; Constant delay
    %assign/vec4/a/d v0x7fc409487850, 0, 4;
T_10.0 ;
    %jmp T_10;
    .thread T_10;
    .scope S_0x7fc409487150;
T_11 ;
    %wait E_0x7fc4094873a0;
    %load/vec4 v0x7fc40948b950_0;
    %inv;
    %flag_set/vec4 8;
    %jmp/0xz  T_11.0, 8;
    %load/vec4 v0x7fc40948d3c0_0;
    %assign/vec4 v0x7fc40948d1b0_0, 0;
    %jmp T_11.1;
T_11.0 ;
    %load/vec4 v0x7fc40948d320_0;
    %assign/vec4 v0x7fc40948d1b0_0, 0;
T_11.1 ;
    %jmp T_11;
    .thread T_11;
    .scope S_0x7fc409440a70;
T_12 ;
    %pushi/vec4 1, 0, 1;
    %store/vec4 v0x7fc40948d570_0, 0, 1;
    %pushi/vec4 0, 0, 32;
    %store/vec4 v0x7fc40948d790_0, 0, 32;
    %pushi/vec4 0, 0, 8;
    %store/vec4 v0x7fc40948d700_0, 0, 8;
    %delay 120000, 0;
    %delay 1000, 0;
    %pushi/vec4 0, 0, 1;
    %store/vec4 v0x7fc40948d570_0, 0, 1;
    %pushi/vec4 0, 0, 32;
    %store/vec4 v0x7fc40948d790_0, 0, 32;
    %delay 120000, 0;
    %pushi/vec4 1, 0, 1;
    %store/vec4 v0x7fc40948d570_0, 0, 1;
    %delay 3960000, 0;
    %load/vec4 v0x7fc40948d610_0;
    %store/vec4 v0x7fc409486e80_0, 0, 32;
    %pushi/vec4 120, 0, 32;
    %store/vec4 v0x7fc409486f30_0, 0, 32;
    %pushi/vec4 2764760810, 0, 130;
    %concati/vec4 3639141952, 0, 32;
    %concati/vec4 3737927840, 0, 32;
    %concati/vec4 3839807204, 0, 32;
    %concati/vec4 1634541617, 0, 31;
    %store/vec4 v0x7fc4094870a0_0, 0, 257;
    %load/vec4 v0x7fc40948d700_0;
    %store/vec4 v0x7fc409486fe0_0, 0, 8;
    %fork TD_SingleCycleProcTest_v.passTest, S_0x7fc409486cd0;
    %join;
    %load/vec4 v0x7fc409486fe0_0;
    %store/vec4 v0x7fc40948d700_0, 0, 8;
    %delay 120000, 0;
    %pushi/vec4 0, 0, 1;
    %store/vec4 v0x7fc40948d570_0, 0, 1;
    %pushi/vec4 96, 0, 32;
    %store/vec4 v0x7fc40948d790_0, 0, 32;
    %delay 120000, 0;
    %pushi/vec4 1, 0, 1;
    %store/vec4 v0x7fc40948d570_0, 0, 1;
    %delay 1320000, 0;
    %load/vec4 v0x7fc40948d610_0;
    %store/vec4 v0x7fc409486e80_0, 0, 32;
    %pushi/vec4 2, 0, 32;
    %store/vec4 v0x7fc409486f30_0, 0, 32;
    %pushi/vec4 2764760810, 0, 130;
    %concati/vec4 3639141952, 0, 32;
    %concati/vec4 3737927840, 0, 32;
    %concati/vec4 3839807204, 0, 32;
    %concati/vec4 1634541618, 0, 31;
    %store/vec4 v0x7fc4094870a0_0, 0, 257;
    %load/vec4 v0x7fc40948d700_0;
    %store/vec4 v0x7fc409486fe0_0, 0, 8;
    %fork TD_SingleCycleProcTest_v.passTest, S_0x7fc409486cd0;
    %join;
    %load/vec4 v0x7fc409486fe0_0;
    %store/vec4 v0x7fc40948d700_0, 0, 8;
    %delay 120000, 0;
    %pushi/vec4 0, 0, 1;
    %store/vec4 v0x7fc40948d570_0, 0, 1;
    %pushi/vec4 160, 0, 32;
    %store/vec4 v0x7fc40948d790_0, 0, 32;
    %delay 120000, 0;
    %pushi/vec4 1, 0, 1;
    %store/vec4 v0x7fc40948d570_0, 0, 1;
    %delay 3120000, 0;
    %load/vec4 v0x7fc40948d610_0;
    %store/vec4 v0x7fc409486e80_0, 0, 32;
    %pushi/vec4 4276993775, 0, 32;
    %store/vec4 v0x7fc409486f30_0, 0, 32;
    %pushi/vec4 2764760810, 0, 122;
    %concati/vec4 3639099490, 0, 32;
    %concati/vec4 2176686209, 0, 33;
    %concati/vec4 2207480635, 0, 33;
    %concati/vec4 2466998529, 0, 32;
    %concati/vec4 19, 0, 5;
    %store/vec4 v0x7fc4094870a0_0, 0, 257;
    %load/vec4 v0x7fc40948d700_0;
    %store/vec4 v0x7fc409486fe0_0, 0, 8;
    %fork TD_SingleCycleProcTest_v.passTest, S_0x7fc409486cd0;
    %join;
    %load/vec4 v0x7fc409486fe0_0;
    %store/vec4 v0x7fc40948d700_0, 0, 8;
    %delay 120000, 0;
    %load/vec4 v0x7fc40948d610_0;
    %store/vec4 v0x7fc409486e80_0, 0, 32;
    %pushi/vec4 4276991119, 0, 32;
    %store/vec4 v0x7fc409486f30_0, 0, 32;
    %pushi/vec4 2764760810, 0, 122;
    %concati/vec4 3639099492, 0, 32;
    %concati/vec4 2176686209, 0, 33;
    %concati/vec4 2207480635, 0, 33;
    %concati/vec4 2466998529, 0, 32;
    %concati/vec4 19, 0, 5;
    %store/vec4 v0x7fc4094870a0_0, 0, 257;
    %load/vec4 v0x7fc40948d700_0;
    %store/vec4 v0x7fc409486fe0_0, 0, 8;
    %fork TD_SingleCycleProcTest_v.passTest, S_0x7fc409486cd0;
    %join;
    %load/vec4 v0x7fc409486fe0_0;
    %store/vec4 v0x7fc40948d700_0, 0, 8;
    %delay 120000, 0;
    %load/vec4 v0x7fc40948d610_0;
    %store/vec4 v0x7fc409486e80_0, 0, 32;
    %pushi/vec4 4277056655, 0, 32;
    %store/vec4 v0x7fc409486f30_0, 0, 32;
    %pushi/vec4 2764760810, 0, 122;
    %concati/vec4 3639099494, 0, 32;
    %concati/vec4 2176686209, 0, 33;
    %concati/vec4 2207480635, 0, 33;
    %concati/vec4 2466998529, 0, 32;
    %concati/vec4 19, 0, 5;
    %store/vec4 v0x7fc4094870a0_0, 0, 257;
    %load/vec4 v0x7fc40948d700_0;
    %store/vec4 v0x7fc409486fe0_0, 0, 8;
    %fork TD_SingleCycleProcTest_v.passTest, S_0x7fc409486cd0;
    %join;
    %load/vec4 v0x7fc409486fe0_0;
    %store/vec4 v0x7fc40948d700_0, 0, 8;
    %delay 120000, 0;
    %load/vec4 v0x7fc40948d610_0;
    %store/vec4 v0x7fc409486e80_0, 0, 32;
    %pushi/vec4 46240, 0, 32;
    %store/vec4 v0x7fc409486f30_0, 0, 32;
    %pushi/vec4 2764760810, 0, 122;
    %concati/vec4 3639099496, 0, 32;
    %concati/vec4 2176686209, 0, 33;
    %concati/vec4 2207480635, 0, 33;
    %concati/vec4 2466998529, 0, 32;
    %concati/vec4 19, 0, 5;
    %store/vec4 v0x7fc4094870a0_0, 0, 257;
    %load/vec4 v0x7fc40948d700_0;
    %store/vec4 v0x7fc409486fe0_0, 0, 8;
    %fork TD_SingleCycleProcTest_v.passTest, S_0x7fc409486cd0;
    %join;
    %load/vec4 v0x7fc409486fe0_0;
    %store/vec4 v0x7fc40948d700_0, 0, 8;
    %delay 120000, 0;
    %load/vec4 v0x7fc40948d610_0;
    %store/vec4 v0x7fc409486e80_0, 0, 32;
    %pushi/vec4 3719814624, 0, 32;
    %store/vec4 v0x7fc409486f30_0, 0, 32;
    %pushi/vec4 2764760810, 0, 122;
    %concati/vec4 3639099498, 0, 32;
    %concati/vec4 2176686209, 0, 33;
    %concati/vec4 2207480635, 0, 33;
    %concati/vec4 2466998529, 0, 32;
    %concati/vec4 19, 0, 5;
    %store/vec4 v0x7fc4094870a0_0, 0, 257;
    %load/vec4 v0x7fc40948d700_0;
    %store/vec4 v0x7fc409486fe0_0, 0, 8;
    %fork TD_SingleCycleProcTest_v.passTest, S_0x7fc409486cd0;
    %join;
    %load/vec4 v0x7fc409486fe0_0;
    %store/vec4 v0x7fc40948d700_0, 0, 8;
    %delay 120000, 0;
    %load/vec4 v0x7fc40948d610_0;
    %store/vec4 v0x7fc409486e80_0, 0, 32;
    %pushi/vec4 133656055, 0, 32;
    %store/vec4 v0x7fc409486f30_0, 0, 32;
    %pushi/vec4 2764760810, 0, 122;
    %concati/vec4 3639099500, 0, 32;
    %concati/vec4 2176686209, 0, 33;
    %concati/vec4 2207480635, 0, 33;
    %concati/vec4 2466998529, 0, 32;
    %concati/vec4 19, 0, 5;
    %store/vec4 v0x7fc4094870a0_0, 0, 257;
    %load/vec4 v0x7fc40948d700_0;
    %store/vec4 v0x7fc409486fe0_0, 0, 8;
    %fork TD_SingleCycleProcTest_v.passTest, S_0x7fc409486cd0;
    %join;
    %load/vec4 v0x7fc409486fe0_0;
    %store/vec4 v0x7fc40948d700_0, 0, 8;
    %delay 120000, 0;
    %load/vec4 v0x7fc40948d610_0;
    %store/vec4 v0x7fc409486e80_0, 0, 32;
    %pushi/vec4 4294405623, 0, 32;
    %store/vec4 v0x7fc409486f30_0, 0, 32;
    %pushi/vec4 2764760810, 0, 122;
    %concati/vec4 3639099502, 0, 32;
    %concati/vec4 2176686209, 0, 33;
    %concati/vec4 2207480635, 0, 33;
    %concati/vec4 2466998529, 0, 32;
    %concati/vec4 19, 0, 5;
    %store/vec4 v0x7fc4094870a0_0, 0, 257;
    %load/vec4 v0x7fc40948d700_0;
    %store/vec4 v0x7fc409486fe0_0, 0, 8;
    %fork TD_SingleCycleProcTest_v.passTest, S_0x7fc409486cd0;
    %join;
    %load/vec4 v0x7fc409486fe0_0;
    %store/vec4 v0x7fc40948d700_0, 0, 8;
    %delay 120000, 0;
    %load/vec4 v0x7fc40948d610_0;
    %store/vec4 v0x7fc409486e80_0, 0, 32;
    %pushi/vec4 1, 0, 32;
    %store/vec4 v0x7fc409486f30_0, 0, 32;
    %pushi/vec4 2764760810, 0, 122;
    %concati/vec4 3639099504, 0, 32;
    %concati/vec4 2176686209, 0, 33;
    %concati/vec4 2207480635, 0, 33;
    %concati/vec4 2466998529, 0, 32;
    %concati/vec4 19, 0, 5;
    %store/vec4 v0x7fc4094870a0_0, 0, 257;
    %load/vec4 v0x7fc40948d700_0;
    %store/vec4 v0x7fc409486fe0_0, 0, 8;
    %fork TD_SingleCycleProcTest_v.passTest, S_0x7fc409486cd0;
    %join;
    %load/vec4 v0x7fc409486fe0_0;
    %store/vec4 v0x7fc40948d700_0, 0, 8;
    %delay 120000, 0;
    %load/vec4 v0x7fc40948d610_0;
    %store/vec4 v0x7fc409486e80_0, 0, 32;
    %pushi/vec4 0, 0, 32;
    %store/vec4 v0x7fc409486f30_0, 0, 32;
    %pushi/vec4 2764760810, 0, 122;
    %concati/vec4 3639099506, 0, 32;
    %concati/vec4 2176686209, 0, 33;
    %concati/vec4 2207480635, 0, 33;
    %concati/vec4 2466998529, 0, 32;
    %concati/vec4 19, 0, 5;
    %store/vec4 v0x7fc4094870a0_0, 0, 257;
    %load/vec4 v0x7fc40948d700_0;
    %store/vec4 v0x7fc409486fe0_0, 0, 8;
    %fork TD_SingleCycleProcTest_v.passTest, S_0x7fc409486cd0;
    %join;
    %load/vec4 v0x7fc409486fe0_0;
    %store/vec4 v0x7fc40948d700_0, 0, 8;
    %delay 120000, 0;
    %load/vec4 v0x7fc40948d610_0;
    %store/vec4 v0x7fc409486e80_0, 0, 32;
    %pushi/vec4 0, 0, 32;
    %store/vec4 v0x7fc409486f30_0, 0, 32;
    %pushi/vec4 2764760810, 0, 114;
    %concati/vec4 3639099490, 0, 32;
    %concati/vec4 3229728152, 0, 33;
    %concati/vec4 2168572349, 0, 32;
    %concati/vec4 2647229876, 0, 32;
    %concati/vec4 8243, 0, 14;
    %store/vec4 v0x7fc4094870a0_0, 0, 257;
    %load/vec4 v0x7fc40948d700_0;
    %store/vec4 v0x7fc409486fe0_0, 0, 8;
    %fork TD_SingleCycleProcTest_v.passTest, S_0x7fc409486cd0;
    %join;
    %load/vec4 v0x7fc409486fe0_0;
    %store/vec4 v0x7fc40948d700_0, 0, 8;
    %delay 120000, 0;
    %load/vec4 v0x7fc40948d610_0;
    %store/vec4 v0x7fc409486e80_0, 0, 32;
    %pushi/vec4 1, 0, 32;
    %store/vec4 v0x7fc409486f30_0, 0, 32;
    %pushi/vec4 2764760810, 0, 114;
    %concati/vec4 3639099490, 0, 32;
    %concati/vec4 3296837016, 0, 33;
    %concati/vec4 2168572349, 0, 32;
    %concati/vec4 2647229876, 0, 32;
    %concati/vec4 8243, 0, 14;
    %store/vec4 v0x7fc4094870a0_0, 0, 257;
    %load/vec4 v0x7fc40948d700_0;
    %store/vec4 v0x7fc409486fe0_0, 0, 8;
    %fork TD_SingleCycleProcTest_v.passTest, S_0x7fc409486cd0;
    %join;
    %load/vec4 v0x7fc409486fe0_0;
    %store/vec4 v0x7fc40948d700_0, 0, 8;
    %delay 120000, 0;
    %load/vec4 v0x7fc40948d610_0;
    %store/vec4 v0x7fc409486e80_0, 0, 32;
    %pushi/vec4 4276964175, 0, 32;
    %store/vec4 v0x7fc409486f30_0, 0, 32;
    %pushi/vec4 2764760810, 0, 114;
    %concati/vec4 3639099490, 0, 32;
    %concati/vec4 3363945880, 0, 33;
    %concati/vec4 2168572349, 0, 32;
    %concati/vec4 2647229876, 0, 32;
    %concati/vec4 8243, 0, 14;
    %store/vec4 v0x7fc4094870a0_0, 0, 257;
    %load/vec4 v0x7fc40948d700_0;
    %store/vec4 v0x7fc409486fe0_0, 0, 8;
    %fork TD_SingleCycleProcTest_v.passTest, S_0x7fc409486cd0;
    %join;
    %load/vec4 v0x7fc409486fe0_0;
    %store/vec4 v0x7fc40948d700_0, 0, 8;
    %load/vec4 v0x7fc40948d700_0;
    %store/vec4 v0x7fc409486c30_0, 0, 8;
    %pushi/vec4 14, 0, 8;
    %store/vec4 v0x7fc40940fae0_0, 0, 8;
    %fork TD_SingleCycleProcTest_v.allPassed, S_0x7fc40943e3d0;
    %join;
    %vpi_call 2 100 "$stop" {0 0 0};
    %end;
    .thread T_12;
    .scope S_0x7fc409440a70;
T_13 ;
    %pushi/vec4 0, 0, 1;
    %store/vec4 v0x7fc40948d4d0_0, 0, 1;
    %end;
    .thread T_13;
    .scope S_0x7fc409440a70;
T_14 ;
    %delay 60000, 0;
    %load/vec4 v0x7fc40948d4d0_0;
    %inv;
    %store/vec4 v0x7fc40948d4d0_0, 0, 1;
    %delay 60000, 0;
    %load/vec4 v0x7fc40948d4d0_0;
    %inv;
    %store/vec4 v0x7fc40948d4d0_0, 0, 1;
    %jmp T_14;
    .thread T_14;
# The file index is used to find the file name in the following table.
:file_names 10;
    "N/A";
    "<interactive>";
    "singleCycleProc_test.v";
    "test.v";
    "DataMem.v";
    "InstructionMemory.v";
    "ALU.v";
    "ALUControl.v";
    "SingleCycleControl.v";
    "register.v";
